[    0.000000] Initializing cgroup subsys cpuset
[    0.000000] Initializing cgroup subsys cpu
[    0.000000] Initializing cgroup subsys cpuacct
[    0.000000] Linux version 4.4.0-159-generic (buildd@lgw01-amd64-042) (gcc version 5.4.0 20160609 (Ubuntu 5.4.0-6ubuntu1~16.04.10) ) #187-Ubuntu SMP Thu Aug 1 16:28:06 UTC 2019 (Ubuntu 4.4.0-159.187-generic 4.4.185)
[    0.000000] Command line: BOOT_IMAGE=/boot/vmlinuz-4.4.0-159-generic root=UUID=4e0b126d-f842-4ae8-bd4b-7ebf2cd44df6 ro console=tty1 console=ttyS0
[    0.000000] KERNEL supported cpus:
[    0.000000]   Intel GenuineIntel
[    0.000000]   AMD AuthenticAMD
[    0.000000]   Centaur CentaurHauls
[    0.000000] x86/fpu: xstate_offset[2]:  576, xstate_sizes[2]:  256
[    0.000000] x86/fpu: Supporting XSAVE feature 0x01: 'x87 floating point registers'
[    0.000000] x86/fpu: Supporting XSAVE feature 0x02: 'SSE registers'
[    0.000000] x86/fpu: Supporting XSAVE feature 0x04: 'AVX registers'
[    0.000000] x86/fpu: Enabled xstate features 0x7, context size is 832 bytes, using 'standard' format.
[    0.000000] e820: BIOS-provided physical RAM map:
[    0.000000] BIOS-e820: [mem 0x0000000000000000-0x000000000009fbff] usable
[    0.000000] BIOS-e820: [mem 0x000000000009fc00-0x000000000009ffff] reserved
[    0.000000] BIOS-e820: [mem 0x00000000000f0000-0x00000000000fffff] reserved
[    0.000000] BIOS-e820: [mem 0x0000000000100000-0x000000003ffeffff] usable
[    0.000000] BIOS-e820: [mem 0x000000003fff0000-0x000000003fffffff] ACPI data
[    0.000000] BIOS-e820: [mem 0x00000000fec00000-0x00000000fec00fff] reserved
[    0.000000] BIOS-e820: [mem 0x00000000fee00000-0x00000000fee00fff] reserved
[    0.000000] BIOS-e820: [mem 0x00000000fffc0000-0x00000000ffffffff] reserved
[    0.000000] NX (Execute Disable) protection: active
[    0.000000] SMBIOS 2.5 present.
[    0.000000] Hypervisor detected: KVM
[    0.000000] e820: last_pfn = 0x3fff0 max_arch_pfn = 0x400000000
[    0.000000] MTRR: Disabled
[    0.000000] x86/PAT: MTRRs disabled, skipping PAT initialization too.
[    0.000000] CPU MTRRs all blank - virtualized system.
[    0.000000] x86/PAT: Configuration [0-7]: WB  WT  UC- UC  WB  WT  UC- UC  
[    0.000000] found SMP MP-table at [mem 0x0009fff0-0x0009ffff] mapped at [ffff88000009fff0]
[    0.000000] Scanning 1 areas for low memory corruption
[    0.000000] RAMDISK: [mem 0x361e4000-0x370e9fff]
[    0.000000] ACPI: Early table checksum verification disabled
[    0.000000] ACPI: RSDP 0x00000000000E0000 000024 (v02 VBOX  )
[    0.000000] ACPI: XSDT 0x000000003FFF0030 00003C (v01 VBOX   VBOXXSDT 00000001 ASL  00000061)
[    0.000000] ACPI: FACP 0x000000003FFF00F0 0000F4 (v04 VBOX   VBOXFACP 00000001 ASL  00000061)
[    0.000000] ACPI: DSDT 0x000000003FFF0470 0021FF (v02 VBOX   VBOXBIOS 00000002 INTL 20180105)
[    0.000000] ACPI: FACS 0x000000003FFF0200 000040
[    0.000000] ACPI: FACS 0x000000003FFF0200 000040
[    0.000000] ACPI: APIC 0x000000003FFF0240 00005C (v02 VBOX   VBOXAPIC 00000001 ASL  00000061)
[    0.000000] ACPI: SSDT 0x000000003FFF02A0 0001CC (v01 VBOX   VBOXCPUT 00000002 INTL 20180105)
[    0.000000] No NUMA configuration found
[    0.000000] Faking a node at [mem 0x0000000000000000-0x000000003ffeffff]
[    0.000000] NODE_DATA(0) allocated [mem 0x3ffeb000-0x3ffeffff]
[    0.000000] kvm-clock: Using msrs 4b564d01 and 4b564d00
[    0.000000] kvm-clock: cpu 0, msr 0:3ffe3001, primary cpu clock
[    0.000000] kvm-clock: using sched offset of 4069191689 cycles
[    0.000000] clocksource: kvm-clock: mask: 0xffffffffffffffff max_cycles: 0x1cd42e4dffb, max_idle_ns: 881590591483 ns
[    0.000000] Zone ranges:
[    0.000000]   DMA      [mem 0x0000000000001000-0x0000000000ffffff]
[    0.000000]   DMA32    [mem 0x0000000001000000-0x000000003ffeffff]
[    0.000000]   Normal   empty
[    0.000000]   Device   empty
[    0.000000] Movable zone start for each node
[    0.000000] Early memory node ranges
[    0.000000]   node   0: [mem 0x0000000000001000-0x000000000009efff]
[    0.000000]   node   0: [mem 0x0000000000100000-0x000000003ffeffff]
[    0.000000] Initmem setup node 0 [mem 0x0000000000001000-0x000000003ffeffff]
[    0.000000] ACPI: PM-Timer IO Port: 0x4008
[    0.000000] IOAPIC[0]: apic_id 2, version 32, address 0xfec00000, GSI 0-23
[    0.000000] ACPI: INT_SRC_OVR (bus 0 bus_irq 0 global_irq 2 dfl dfl)
[    0.000000] ACPI: INT_SRC_OVR (bus 0 bus_irq 9 global_irq 9 low level)
[    0.000000] Using ACPI (MADT) for SMP configuration information
[    0.000000] smpboot: Allowing 2 CPUs, 0 hotplug CPUs
[    0.000000] PM: Registered nosave memory: [mem 0x00000000-0x00000fff]
[    0.000000] PM: Registered nosave memory: [mem 0x0009f000-0x0009ffff]
[    0.000000] PM: Registered nosave memory: [mem 0x000a0000-0x000effff]
[    0.000000] PM: Registered nosave memory: [mem 0x000f0000-0x000fffff]
[    0.000000] e820: [mem 0x40000000-0xfebfffff] available for PCI devices
[    0.000000] Booting paravirtualized kernel on KVM
[    0.000000] clocksource: refined-jiffies: mask: 0xffffffff max_cycles: 0xffffffff, max_idle_ns: 7645519600211568 ns
[    0.000000] setup_percpu: NR_CPUS:512 nr_cpumask_bits:512 nr_cpu_ids:2 nr_node_ids:1
[    0.000000] PERCPU: Embedded 34 pages/cpu @ffff88003fc00000 s99544 r8192 d31528 u1048576
[    0.000000] Built 1 zonelists in Node order, mobility grouping on.  Total pages: 257912
[    0.000000] Policy zone: DMA32
[    0.000000] Kernel command line: BOOT_IMAGE=/boot/vmlinuz-4.4.0-159-generic root=UUID=4e0b126d-f842-4ae8-bd4b-7ebf2cd44df6 ro console=tty1 console=ttyS0
[    0.000000] PID hash table entries: 4096 (order: 3, 32768 bytes)
[    0.000000] Memory: 997172K/1048120K available (8618K kernel code, 1335K rwdata, 4032K rodata, 1488K init, 1284K bss, 50948K reserved, 0K cma-reserved)
[    0.000000] SLUB: HWalign=64, Order=0-3, MinObjects=0, CPUs=2, Nodes=1
[    0.000000] Kernel/User page tables isolation: enabled
[    0.000000] Hierarchical RCU implementation.
[    0.000000] 	Build-time adjustment of leaf fanout to 64.
[    0.000000] 	RCU restricting CPUs from NR_CPUS=512 to nr_cpu_ids=2.
[    0.000000] RCU: Adjusting geometry for rcu_fanout_leaf=64, nr_cpu_ids=2
[    0.000000] NR_IRQS:33024 nr_irqs:440 16
[    0.000000] Console: colour VGA+ 80x25
[    0.000000] console [tty1] enabled
[    0.000000] console [ttyS0] enabled
[    0.000000] tsc: Detected 2303.998 MHz processor
[    0.211082] Calibrating delay loop (skipped) preset value.. 4607.99 BogoMIPS (lpj=9215992)
[    0.213851] pid_max: default: 32768 minimum: 301
[    0.215373] ACPI: Core revision 20150930
[    .218469] ACPI: 2 ACPI AML tables successfully acquired and loaded
[    0.241841] Security Framework initialized
[    0.243179] Yama: becoming mindful.
[    0.244431] AppArmor: AppArmor initialized
[    0.245918] Dentry cache hash table entries: 131072 (order: 8, 1048576 bytes)
[    0.248794] Inode-cache hash table entries: 65536 (order: 7, 524288 bytes)
[    0.254937] Mount-cache hash table entries: 2048 (order: 2, 16384 bytes)
[    0.256867] Mountpoint-cache hash table entries: 2048 (order: 2, 16384 bytes)
[    0.259144] Initializing cgroup subsys io
[    0.260523] Initializing cgroup subsys memory
[    0.262007] Initializing cgroup subsys devices
[    0.263430] Initializing cgroup subsys freezer
[    0.266223] Initializing cgroup subsys net_cls
[    0.268165] Initializing cgroup subsys perf_event
[    0.274303] Initializing cgroup subsys net_prio
[    0.275766] Initializing cgroup subsys hugetlb
[    0.277192] Initializing cgroup subsys pids
[    0.280529] mce: CPU supports 0 MCE banks
[    0.281961] Last level iTLB entries: 4KB 64, 2MB 8, 4MB 8
[    0.283598] Last level dTLB entries: 4KB 64, 2MB 0, 4MB 0, 1GB 4
[    0.285381] Spectre V1 : Mitigation: usercopy/swapgs barriers and __user pointer sanitization
[    0.288040] Spectre V2 : Mitigation: Full generic retpoline
[    0.289727] Spectre V2 : Spectre v2 / SpectreRSB mitigation: Filling RSB on context switch
[    0.297289] Speculative Store Bypass: Vulnerable
[    0.298648] MDS: Mitigation: Clear CPU buffers
[    0.303078] Freeing SMP alternatives memory: 36K
[    0.310694] ftrace: allocating 32318 entries in 127 pages
[    0.379208] smpboot: APIC(0) Converting physical 0 to logical package 0
[    0.382995] smpboot: Max logical packages: 1
[    0.384630] x2apic enabled
[    0.385895] Switched APIC routing to physical x2apic.
[    0.391999] ..TIMER: vector=0x30 apic1=0 pin1=2 apic2=-1 pin2=-1
[    0.497652] APIC calibration not consistent with PM-Timer: 97ms instead of 100ms
[    0.499809] APIC delta adjusted to PM-Timer: 6250116 (6097894)
[    0.501407] smpboot: CPU0: Intel(R) Core(TM) i3-6100U CPU @ 2.30GHz (family: 0x6, model: 0x4e, stepping: 0x3)
[    0.504261] Performance Events: unsupported p6 CPU model 78 no PMU driver, software events only.
[    0.525436] KVM setup paravirtual spinlock
[    0.527572] x86: Booting SMP configuration:
[    0.528774] .... node  #0, CPUs:      #1
[    0.530089] kvm-clock: cpu 1, msr 0:3ffe3041, secondary cpu clock
[    0.533252] mce: CPU supports 0 MCE banks
[    0.536074] x86: Booted up 1 node, 2 CPUs
[    0.537628] smpboot: Total of 2 processors activated (9215.99 BogoMIPS)
[    0.551518] devtmpfs: initialized
[    0.555332] evm: security.selinux
[    0.556528] evm: security.SMACK64
[    0.557709] evm: security.SMACK64EXEC
[    0.558957] evm: security.SMACK64TRANSMUTE
[    0.560291] evm: security.SMACK64MMAP
[    0.561566] evm: security.ima
[    0.562672] evm: security.capability
[    0.564236] clocksource: jiffies: mask: 0xffffffff max_cycles: 0xffffffff, max_idle_ns: 7645041785100000 ns
[    0.572452] futex hash table entries: 512 (order: 3, 32768 bytes)
[    0.574466] pinctrl core: initialized pinctrl subsystem
[    0.576255] RTC time:  5:33:14, date: 08/20/19
[    0.577966] NET: Registered protocol family 16
[    0.589671] cpuidle: using governor ladder
[    0.601732] cpuidle: using governor menu
[    0.603175] PCCT header not found.
[    0.604482] ACPI: bus type PCI registered
[    0.605891] acpiphp: ACPI Hot Plug PCI Controller Driver version: 0.5
[    0.607936] PCI: Using configuration type 1 for base access
[    0.622393] ACPI: Added _OSI(Module Device)
[    0.629847] ACPI: Added _OSI(Processor Device)
[    0.630951] ACPI: Added _OSI(3.0 _SCP Extensions)
[    0.632081] ACPI: Added _OSI(Processor Aggregator Device)
[    0.634207] ACPI: Executed 1 blocks of module-level executable AML code
[    0.642585] ACPI: Interpreter enabled
[    0.643865] ACPI: (supports S0 S5)
[    0.645051] ACPI: Using IOAPIC for interrupt routing
[    0.646882] PCI: Using host bridge windows from ACPI; if necessary, use "pci=nocrs" and report a bug
[    0.661326] ACPI: PCI Root Bridge [PCI0] (domain 0000 [bus 00-ff])
[    0.663190] acpi PNP0A03:00: _OSC: OS supports [ASPM ClockPM Segments MSI]
[    0.665232] acpi PNP0A03:00: _OSC: not requesting OS control; OS requires [ExtendedConfig ASPM ClockPM MSI]
[    0.673123] acpi PNP0A03:00: fail to add MMCONFIG information, can't access extended PCI configuration space under this bridge.
[    0.678654] PCI host bridge to bus 0000:00
[    0.681071] pci_bus 0000:00: root bus resource [io  0x0000-0x0cf7 window]
[    0.685138] pci_bus 0000:00: root bus resource [io  0x0d00-0xffff window]
[    0.689043] pci_bus 0000:00: root bus resource [mem 0x000a0000-0x000bffff window]
[    0.691544] pci_bus 0000:00: root bus resource [mem 0x40000000-0xfdffffff window]
[    0.693989] pci_bus 0000:00: root bus resource [bus 00-ff]
[    0.697815] pci 0000:00:01.1: legacy IDE quirk: reg 0x10: [io  0x01f0-0x01f7]
[    0.711929] pci 0000:00:01.1: legacy IDE quirk: reg 0x14: [io  0x03f6]
[    0.718990] pci 0000:00:01.1: legacy IDE quirk: reg 0x18: [io  0x0170-0x0177]
[    0.722960] pci 0000:00:01.1: legacy IDE quirk: reg 0x1c: [io  0x0376]
[    0.743845] pci 0000:00:07.0: quirk: [io  0x4000-0x403f] claimed by PIIX4 ACPI
[    0.745969] pci 0000:00:07.0: quirk: [io  0x4100-0x410f] claimed by PIIX4 SMB
[    0.758016] ACPI: PCI Interrupt Link [LNKA] (IRQs 5 9 10 *11)
[    0.761693] ACPI: PCI Interrupt Link [LNKB] (IRQs 5 9 *10 11)
[    0.769315] ACPI: PCI Interrupt Link [LNKC] (IRQs 5 *9 10 11)
[    0.771834] ACPI: PCI Interrupt Link [LNKD] (IRQs 5 9 10 *11)
[    0.774454] ACPI: Enabled 2 GPEs in block 00 to 07
[    0.776608] vgaarb: setting as boot device: PCI:0000:00:02.0
[    0.778307] vgaarb: device added: PCI:0000:00:02.0,decodes=io+mem,owns=io+mem,locks=none
[    0.780901] vgaarb: loaded
[    0.781945] vgaarb: bridge control possible 0000:00:02.0
[    0.784041] SCSI subsystem initialized
[    0.785543] ACPI: bus type USB registered
[    0.786911] usbcore: registered new interface driver usbfs
[    0.788576] usbcore: registered new interface driver hub
[    0.790245] usbcore: registered new device driver usb
[    0.792175] PCI: Using ACPI for IRQ routing
[    0.793857] NetLabel: Initializing
[    0.794756] NetLabel:  domain hash size = 128
[    0.795807] NetLabel:  protocols = UNLABELED CIPSOv4
[    0.797482] NetLabel:  unlabeled traffic allowed by default
[    0.800956] amd_nb: Cannot enumerate AMD northbridges
[    0.802613] clocksource: Switched to clocksource kvm-clock
[    0.812343] AppArmor: AppArmor Filesystem Enabled
[    0.819218] pnp: PnP ACPI init
[    0.821440] pnp: PnP ACPI: found 3 devices
[    0.832253] clocksource: acpi_pm: mask: 0xffffff max_cycles: 0xffffff, max_idle_ns: 2085701024 ns
[    0.834704] NET: Registered protocol family 2
[    0.836193] TCP established hash table entries: 8192 (order: 4, 65536 bytes)
[    0.839804] TCP bind hash table entries: 8192 (order: 5, 131072 bytes)
[    0.841601] TCP: Hash tables configured (established 8192 bind 8192)
[    0.844333] UDP hash table entries: 512 (order: 2, 16384 bytes)
[    0.845859] UDP-Lite hash table entries: 512 (order: 2, 16384 bytes)
[    0.852822] NET: Regitered protocol family 1
[    0.880439] pci 0000:00:00.0: Limiting direct PCI/PCI transfers
[    0.88210] pci 0000:00:01.0: Activating ISA DMA hang workarounds
[    0.910065] Unpacking initramfs...

[    1.181701] Freeing initrd memory: 15384K
[    1.199333] clocksource: tsc: mask: 0xffffffffffffffff max_cycles: 0x2135f5e6f15, max_idle_ns: 440795231538 ns
[    1.202411] platform rtc_cmos: registered platform RTC device (no PNP device found)
[    1.205004] Scanning for low memory corruption every 60 seconds
[    1.207334] audit: initializing netlink subsys (disabled)
[    1.208825] audit: type=2000 audit(1566279200.292:1): initialized
[    1.210645] Initialise system trusted keyring
[    1.219701] HugeTLB registered 2 MB page size, pre-allocated 0 pages
[    1.223438] zbud: loaded
[    1.225036] VFS: Disk quotas dquot_6.6.0
[    1.226420] VFS: Dquot-cache hash table entries: 512 (order 0, 4096 bytes)
[    1.228899] squashfs: version 4.0 (2009/01/31) Phillip Lougher
[    1.231106] fuse init (API version 7.23)
[    1.232675] Key type big_key registered
[    1.236922] Allocating IMA MOK and blacklist keyrings.
[    1.239685] Key type asymmetric registered
[    1.241051] Asymmetric key parser 'x509' registered
[    1.242649] Block layer SCSI generic (bsg) driver version 0.4 loaded (major 249)
[    1.245243] io scheduler noop registered
[    1.246551] io scheduler deadline registered (default)
[    1.248264] io scheduler cfq registered
[    1.249712] pci_hotplug: PCI Hot Plug PCI Core version: 0.5
[    1.251422] pciehp: PCI Express Hot Plug Controller Driver version: 0.4
[    1.253542] ACPI: AC Adapter [AC] (off-line)
[    1.255009] input: Power Button as /devices/LNXSYSTM:00/LNXPWRBN:00/input/input0
[    1.269433] ACPI: Power Button [PWRF]
[    1.270860] input: Sleep Button as /devices/LNXSYSTM:00/LNXSLPBN:00/input/input1
[    1.273281] ACPI: Sleep Button [SLPF]
[    1.274925] GHES: HEST is not enabled!
[    1.278898] Serial: 8250/16550 driver, 32 ports, IRQ sharing enabled
[    1.278959] ACPI: Battery Slot [BAT0] (battery present)
[    1.307883] 00:02: ttyS0 at I/O 0x3f8 (irq = 4, base_baud = 115200) is a 16550A
[    1.312766] Linux agpgart interface v0.103
[    1.316954] loop: module loaded
[    1.319093] scsi host0: ata_piix
[    1.325747] scsi host1: ata_piix
[    1.326987] ata1: PATA max UDMA/33 cmd 0x1f0 ctl 0x3f6 bmdma 0xd000 irq 14
[    1.328966] ata2: PATA max UDMA/33 cmd 0x170 ctl 0x376 bmdma 0xd008 irq 15
[    1.331176] libphy: Fixed MDIO Bus: probed
[    1.332598] tun: Universal TUN/TAP device driver, 1.6
[    1.334189] tun: (C) 1999-2004 Max Krasnyansky <maxk@qualcomm.com>
[    1.336192] PPP generic driver version 2.4.2
[    1.348197] ehci_hcd: USB 2.0 'Enhanced' Host Controller (EHCI) Driver
[    1.355198] ehci-pci: EHCI PCI platform driver
[    .376] ehci-platform: EHCI generic platorm diver

[    1.560591] ohci_hcd: USB 1.1 'Open' Host Controller (OHCI) Driver
[    1.562038] ohci-pci: OHCI PCI platform driver
[    1.577921] ohci-platform: OHCI generic platform driver
[    1.5793] uhci_hcd: USB Universal Host Controller Interface driver
[    16359i82:NP PS/2 Controller [PNP0303:PS2K,PNP0f03:PS2M] at 0x60,0x64 irq 1,12
[    1.923817] serio: i8042 KBD port at 0x60,0x64 irq 1
[    1.925380] serio: i8042 AUX port at 0x60,0x64 irq 12
[    1.927204] mousedev: PS/2 mouse device common for all mice
[    1.929102] rtc_cmos rtc_cmos: rtc core: registered rtc_cmos as rtc0
[    1.930648] rtc_cmos rtc_cmos: alarms up to one day, 114 bytes nvram
[    1.932190] input: AT Translated Set 2 keyboard as /devices/platform/i8042/serio0/input/input2
[    1.934336] i2c /dev entries driver
[    1.935511] device-mapper: uevent: version 1.0.3
[    1.936772] device-mapper: ioctl: 4.34.0-ioctl (2015-10-28) initialised: dm-devel@redhat.com
[    1.942525] ledtrig-cpu: registered to indicate activity on CPUs
[    1.994687] NET: Registered protocol family 10
[    1.996784] NET: Registered protocol family 17
[    1.998279] Key type dns_resolver registered
[    2.004213] registered taskstats version 1
[    2.005609] Loading compiled-in X.509 certificates
[    2.008204] Loaded X.509 cert 'Build time autogenerated kernel key: d14182f9795b80ec340f636a5a08bf5817ccd8e7'
[    2.019957] zswap: loaded using pool lzo/zbud
[    2.029157] Key type trusted registered
[    2.034609] Key type encrypted registered
[    2.037811] AppArmor: AppArmor sha1 policy hashing enabled
[    2.039247] ima: No TPM chip found, activating TPM-bypass!
[    2.040670] ima: Allocated hash algorithm: sha1
[    2.041906] evm: HMAC attrs: 0x1
[    2.043338]   Magic number: 15:73:568
[    2.047665] rtc_cmos rtc_cmos: setting system clock to 2019-08-20 05:33:16 UTC (1566279196)
[    2.049837] BIOS EDD facility v0.16 2004-Jun-25, 0 devices found
[    2.067871] EDD information not available.
[    2.072013] Freeing unused kernel memory: 1488K
[    2.082640] Write protecting the kernel read-only data: 14336k
[    2.089321] Freeing unused kernel memory: 1608K
[    2.091149] Freeing unused kernel memory: 64K
Loading, please wait...
starting version 229
[    2.109087] random: systemd-udevd: uninitialized urandom read (16 bytes read, 3 bits of entropy available)
[    2.109884] random: udevadm: uninitialized urandom read (16 bytes read, 3 bits of entropy available)
[    2.109909] random: udevadm: uninitialized urandom read (16 bytes read, 3 bits of entropy available)
[    2.120256] random: udevadm: uninitialized urandom read (16 bytes read, 3 bits of entropy available)
[    2.120318] random: udevadm: uninitialized urandom read (16 bytes read, 3 bits of entropy available)
[    2.120508] random: udevadm: uninitialized urandom read (16 bytes read, 3 bits of entropy available)
[    2.120567] random: udevadm: uninitialized urandom read (16 bytes read, 3 bits of entropy available)
[    2.120628] random: udevadm: uninitialized urandom read (16 bytes read, 3 bits of entropy available)
[    2.120686] random: udevadm: uninitialized urandom read (16 bytes read, 3 bits of entropy available)
[    2.120742] random: udevadm: uninitialized urandom read (16 bytes read, 3 bits of entropy available)
[    2.196414] e1000: Intel(R) PRO/1000 Network Driver - version 7.3.21-k8-NAPI
[    2.217946] e1000: Copyright (c) 1999-2006 Intel Corporation.
[    2.258940] Fusion MPT base driver 3.04.20
[    2.266869] Copyright (c) 1999-2008 LSI Corporation
[    2.282549] Fusion MPT SPI Host driver 3.04.20
[    2.321488] AVX2 version of gcm_enc/dec engaged.
[    2.333635] AES CTR mode by8 optimization enabled
[    2.516187] input: ImExPS/2 Generic Explorer Mouse as /devices/platform/i8042/serio1/input/input4
[    2.653758] e1000 0000:00:03.0 eth0: (PCI:33MHz:32-bit) 02:1d:76:b3:3c:fe
[    2.668467] e1000 0000:00:03.0 eth0: Intel(R) PRO/1000 Network Connection
[    2.670884] mptbase: ioc0: Initiating bringup
[    2.739442] ioc0: LSI53C1030 A0: Capabilities={Initiator}
[    2.917492] scsi host2: ioc0: LSI53C1030 A0, FwRev=00000000h, Ports=1, MaxQ=256, IRQ=20
[    3.040002] scsi 2:0:0:0: Direct-Access     VBOX     HARDDISK         1.0  PQ: 0 ANSI: 5
[    3.045889] scsi target2:0:0: Beginning Domain Validation
[    3.066322] scsi target2:0:0: Domain Validation skipping write tests
[    3.080837] scsi target2:0:0: Ending Domain Validation
[    3.098172] scsi target2:0:0: asynchronous
[    3.100345] scsi 2:0:1:0: Direct-Access     VBOX     HARDDISK         1.0  PQ: 0 ANSI: 5
[    3.102455] scsi target2:0:1: Beginning Domain Validation
[    3.127481] scsi target2:0:1: Domain Validation skipping write tests
[    3.151100] scsi target2:0:1: Ending Domain Validation
[    3.159030] scsi target2:0:1: asynchronous
[    3.195979] sd 2:0:0:0: Attached scsi generic sg0 type 0
[    3.203810] sd 2:0:1:0: Attached scsi generic sg1 type 0
[    3.210948] sd 2:0:0:0: [sda] 20971520 512-byte logical blocks: (10.7 GB/10.0 GiB)
[    3.213301] sd 2:0:1:0: [sdb] 20480 512-byte logical blocks: (10.5 MB/10.0 MiB)
[    3.220987] sd 2:0:0:0: [sda] Write Protect is off
[    3.222513] sd 2:0:1:0: [sdb] Write Protect is off
[    3.225110] sd 2:0:0:0: [sda] Incomplete mode parameter data
[    3.226614] sd 2:0:0:0: [sda] Assuming drive cache: write through
[    3.237915] sd 2:0:1:0: [sdb] Incomplete mode parameter data
[    3.239462] sd 2:0:1:0: [sdb] Assuming drive cache: write through
[    3.295780]  sda: sda1
[    3.302923] sd 2:0:0:0: [sda] Attached SCSI disk
[    3.322245] sd 2:0:1:0: [sdb] Attached SCSI disk
[    3.457785] e1000 0000:00:08.0 eth1: (PCI:33MHz:32-bit) 08:00:27:68:68:7f
[    3.460096] e1000 0000:00:08.0 eth1: Intel(R) PRO/1000 Network Connection
[    3.463080] e1000 0000:00:03.0 enp0s3: renamed from eth0
[    3.490836] e1000 0000:00:08.0 enp0s8: renamed from eth1
Begin: Loading essential drivers ... [    4.917852] md: linear personality registered for level -1
[    4.922690] md: multipath personality registered for level -4
[    4.951002] md: raid0 personality registered for level 0
[    4.957185] md: raid1 personality registered for level 1
[    5.030662] raid6: sse2x1   gen()  7908 MB/s
[    5.115222] raid6: sse2x1   xor()  5964 MB/s
[    5.196942] raid6: sse2x2   gen() 10038 MB/s
[    5.266943] raid6: sse2x2   xor()  7179 MB/s
[    5.335215] raid6: sse2x4   gen() 11041 MB/s
[    5.406935] raid6: sse2x4   xor()  8123 MB/s
[    5.486913] raid6: avx2x1   gen() 17316 MB/s
[    5.576907] raid6: avx2x2   gen() 18595 MB/s
[    5.666940] raid6: avx2x4   gen() 21210 MB/s
[    5.670362] raid6: using algorithm avx2x4 gen() 21210 MB/s
[    5.672057] raid6: using avx2x2 recovery algorithm
[    5.675161] xor: automatically using best checksumming function:
[    5.718680]    avx       : 16747.000 MB/sec
[    5.725340] async_tx: api initialized (async)
[    5.740432] md: raid6 personality registered for level 6
[    5.744093] md: raid5 personality registered for level 5
[    5.747913] md: raid4 personality registered for level 4
[    5.756602] md: raid10 personality registered for level 10
done.
Begin: Running /scripts/init-premount ... done.
Begin: Mounting root file system ... Begin: Running /scripts/local-top ... done.
Begin: Running /scripts/local-premount ... [    5.815909] Btrfs loaded
Scanning for Btrfs filesystems
done.
Warning: fsck not present, so skipping root file system
[    5.930818] EXT4-fs (sda1): mounted filesystem with ordered data mode. Opts: (null)
done.
Begin: Running /scripts/local-bottom ... done.
Begin: Running /scripts/init-bottom ... done.
[    6.987495] random: nonblocking pool is initialized
[    7.259283] systemd[1]: systemd 229 running in system mode. (+PAM +AUDIT +SELINUX +IMA +APPARMOR +SMACK +SYSVINIT +UTMP +LIBCRYPTSETUP +GCRYPT +GNUTLS +ACL +XZ -LZ4 +SECCOMP +BLKID +ELFUTILS +KMOD -IDN)
[    7.275735] systemd[1]: Detected virtualization oracle.
[    7.287758] systemd[1]: Detected architecture x86-64.

Welcome to [1mUbuntu 16.04.6 LTS[0m!

[    7.365955] systemd[1]: Set hostname to <ubuntu-lxc-vm>.
[    9.587458] systemd[1]: Listening on /dev/initctl Compatibility Named Pipe.
[[0;32m  OK  [0m] Listening on /dev/initctl Compatibility Named Pipe.
[    9.607991] systemd[1]: Reached target Swap.
[[0;32m  OK  [0m] Reached target Swap.
[    9.612972] systemd[1]: Listening on LVM2 poll daemon socket.
[[0;32m  OK  [0m] Listening on LVM2 poll daemon socket.
[    9.618099] systemd[1]: Created slice User and Session Slice.
[[0;32m  OK  [0m] Created slice User and Session Slice.
[    9.621998] systemd[1]: Listening on udev Kernel Socket.
[[0;32m  OK  [0m] Listening on udev Kernel Socket.
[    9.625765] systemd[1]: Listening on Journal Audit Socket.
[[0;32m  OK  [0m] Listening on Journal Audit Socket.
[    9.629584] systemd[1]: Listening on udev Control Socket.
[[0;32m  OK  [0m] Listening on udev Control Socket.
[    9.633362] systemd[1]: Listening on Journal Socket (/dev/log).
[[0;32m  OK  [0m] Listening on Journal Socket (/dev/log).
[    9.637358] systemd[1]: Started Trigger resolvconf update for networkd DNS.
[[0;32m  OK  [0m] Started Trigger resolvconf update for networkd DNS.
[    9.926206] systemd[1]: Listening on LVM2 metadata daemon socket.
[[0;32m  OK  [0m] Listening on LVM2 metadata daemon socket.
[   10.204007] systemd[1]: Set up automount Arbitrary Executable File Formats File System Automount Point.
[[0;32m  OK  [0m] Set up automount Arbitrary Executab...ats File System Automount Point.
[   102295] systemd[1]:Rehe target Encrypted Volumes.
[[0;32m  OK  [0m] Reached target Encrypted Volumes.
[   10.921253] systemd[1]: Created slice System Slice.
[[0;32m  OK  [0m] Created slice System Slice.
[   10.924853] systemd[1]: Reached target Slices.
[[0;32m  OK  [0m] Reached target Slices.
[   10.928192] systemd[1]: Created slice system-serial\x2dgetty.slice.
[[0;32m  OK  [0m] Created slice system-serial\x2dgetty.slice.
[   10.931723] systemd[1]: Reached target System Time Synchronized.
[[0;32m  OK  [0m] Reached target System Time Synchronized.
[   10.935099] systemd[1]: Listening on Device-mapper event daemon FIFOs.
[[0;32m  OK  [0m] Listening on Device-mapper event daemon FIFOs.
[   10.938752] systemd[1]: Listening on Journal Socket.
[[0;32m  OK  [0m] Listening on Journal Socket.
[   10.954841] systemd[1]: Starting Nameserver information manager...
         Starting Nameserver information manager...
[   10.960197] systemd[1]: Starting Remount Root and Kernel File Systems...
         Starting Remount Root and Kernel File Systems...
[   10.964455] systemd[1]: Starting Set console keymap...
         Starting Set console keymap...
[   10.978432] systemd[1]: Mounting POSIX Message Queue File System...
         Mounting POSIX Message Queue File System...
[   10.987786] systemd[1]: Mounting Debug File System...
         Mounting Debug File System...
[   11.051029] systemd[1]: Starting Load Kernel Modules...
         Starting Load Kernel Modules...
[   11.062359] systemd[1]: Starting Uncomplicated firewall...
         Starting Uncomplicated firewall...
[   11.131755] systemd[1]: Starting Create list of required static device nodes for the current kernel...
         Starting Create list of required st... nodes for the current kernel...
[   11.179315] systemd[1]: Starting Monitoring of LVM2 mirrors, snapshots etc. using dmeventd or progress polling...
         [   11.202831] EXT4-fs (sda1): re-mounted. Opts: (null)
Starting Monitoring of LVM2 mirrors... dmeventd or progress polling...
[   11.259053] systemd[1]: Mounting Huge Pages File System...
         Mounting Huge Pages File System...
[   11.274378] systemd[1]: Reached target User and Group Name Lookups.
[[0;32m  OK  [0m] Reached target User and Group Name Lookups.
[   11.292703] systemd[1]: Listening on Syslog Socket.
[[0;32m  OK  [0m] Listening on Syslog Socket.
[   11.306648] systemd[1]: Starting Journal Service...
         Starting Journal Service...
[   11.321328] systemd[1]: Started Forward Password Requests to Wall Directory Watch.
[[0;32m  OK  [0m] Started Forward Password Requests to Wall Directory Watch.
[   11.348667] Loading iSCSI transport class v2.0-870.
[   11.354296] systemd[1]: Mounted Debug File System.
[[0;32m  OK  [0m] Mounted Debug File System.
[   11.390936] systemd[1]: Mounted Huge Pages File System.
[[0;32m  OK  [0m] Mounted Huge Pages File System.
[   11.432674] systemd[1]: Mounted POSIX Message Queue File System.
[[0;32m  OK  [0m] Mounted POSIX Message Queue File System.
[   11.481342] iscsi: registered transport (tcp)
[   11.491739] systemd[1]: Started Remount Root and Kernel File Systems.
[[0;32m  OK  [0m] Started Remount Root and Kernel File Systems.
[   11.520093] systemd[1]: Started Set console keymap.
[[0;32m  OK  [0m] Started Set console keymap.
[   11.526311] systemd[1]: Started Uncomplicated firewall.
[[0;32m  OK  [0m] Started Uncomplicated firewall.
[   11.591658] systemd[1]: Started Create list of required static device nodes for the current kernel.
[[0;32m  OK  [0m] Started Create list of required sta...ce nodes for the current kernel.
[   11.659439] systemd[1]: Started Nameserver information manager.
[[0;32m  OK  [0m] Started Nameserver information manager.
[   11.742940] systemd[1]: Starting Create Static Device Nodes in /dev...
         Starting Create Static Device Nodes in /dev...
[   11.919507] systemd[1]: Starting udev Coldplug all Devices...
         Starting udev Coldplug all Devices...
[   11.938557] systemd[1]: Starting Load/Save Random Seed...
         Starting Load/Save Random Seed...
[   12.008302] systemd[1]: Started Journal Service.
[[0;32m  OK  [0m] Started Journal Service.
[[0;32m  OK  [0m] Started Load/Save Random Seed.
[   12.093504] iscsi: registered transport (iser)
[[0;32m  OK  [0m] Started Load Kernel Modules.
         Starting Apply Kernel Variables...
         Mounting FUSE Control File System...
[[0;32m  OK  [0m] Started LVM2 metadata daemon.
         Starting Flush Journal to Persistent Storage...
[[0;32m  OK  [0m] Mounted FUSE Control File System.
[[0;32m  OK  [0m] Started udev Coldplug all Devices.
[   12.252098] systemd-journald[404]: Received request to flush runtime journal from PID 1
[[0;32m  OK  [0m] Started Flush Journal to Persistent Storage.
[[0;32m  OK  [0m] Started Apply Kernel Variables.
[[0;32m  OK  [0m] Started Create Static Device Nodes in /dev.
[[0;32m  OK  [0m] Started Monitoring of LVM2 mirrors,...ng dmeventd or progress polling.
[[0;32m  OK  [0m] Reached target Local File Systems (Pre).
[[0;32m  OK  [0m] Reached target Local File Systems.
         Starting Create Volatile Files and Directories...
         Starting Set console font and keymap...
         Starting LSB: AppArmor initialization...
         Starting Initial cloud-init job (pre-networking)...
         Starting Tell Plymouth To Write Out Runtime Data...
         Starting udev Kernel Device Manager...
[[0;32m  OK  [0m] Started Tell Plymouth To Write Out Runtime Data.
[[0;32m  OK  [0m] Started Create Volatile Files and Directories.
         Starting Update UTMP about System Boot/Shutdown...
[[0;32m  OK  [0m] Started Update UTMP about System Boot/Shutdown.
[[0;32m  OK  [0m] Started udev Kernel Device Manager.
[[0;32m  OK  [0m] Started Dispatch Password Requests to Console Directory Watch.
[[0;32m  OK  [0m] Found device /dev/ttyS0.
[[0;32m  OK  [0m] Listening on Load/Save RF Kill Switch Status /dev/rfkill Watch.
[[0;32m  OK  [0m] Started LSB: AppArmor initialization.
[[0;32m  OK  [0m] Found device 82540EM Gigabit Ethern...r (PRO/1000 MT Desktop Adapter).
[[0;32m  OK  [0m] Found device 82540EM Gigabit Ethern...r (PRO/1000 MT Desktop Adapter).
[[0;32m  OK  [0m] Started Set console font and keymap.
[[0;32m  OK  [0m] Created slice system-getty.slice.
[   21.977837] cloud-init[478]: Cloud-init v. 19.1-1-gbaa47854-0ubuntu1~16.04.1 running 'init-local' at Tue, 20 Aug 2019 05:33:35 +0000. Up 20.63 seconds.
[[0;32m  OK  [0m] Started Initial cloud-init job (pre-networking).
[[0;32m  OK  [0m] Reached target Network (Pre).
[[0;32m  OK  [0m] Started ifup for enp0s8.
         Starting Raise network interfaces...
[[0;32m  OK  [0m] Started ifup for enp0s3.
[[0;32m  OK  [0m] Started Raise network interfaces.
         Starting Initial cloud-init job (metadata service crawler)...
[[0;32m  OK  [0m] Reached target Network.
[   23.625968] cloud-init[1136]: Cloud-init v. 19.1-1-gbaa47854-0ubuntu1~16.04.1 running 'init' at Tue, 20 Aug 2019 05:33:37 +0000. Up 22.82 seconds.
[   23.628750] cloud-init[1136]: ci-info: ++++++++++++++++++++++++++++++++++++++Net device info+++++++++++++++++++++++++++++++++++++++
[   23.636763] cloud-init[1136]: ci-info: +--------+------+-----------------------------+---------------+--------+-------------------+
[   23.692480] [cloud-init[0;32m  OK  [0m[1136]: ] ci-info: | Device |  Up  |           Address           |      Mask     | Scope  |     Hw-Address    |Started Initial cloud-init job (metadata service crawler).

[   23.692973] cloud-init[1136]: ci-info: +--------+------+-----------------------------+---------------+--------+-------------------+
[[0;32m  OK  [0m] Reached target System Initialization.
[   23.715743] cloud-init[1136]: ci-info: | enp0s3 | True |          10.0.2.15          | 255.255.255.0 | global | 02:1d:76:b3:3c:fe |
[   23.741567] cloud-init[1136]: ci-info: | enp0s3 | True |  fe80::1d:76ff:feb3:3cfe/64 |       .       |  link  | 02:1d:76:b3:3c:fe |
[   23.744217] cloud-init[1136]: ci-info: | enp0s8 | True |        192.168.33.10        | 255.255.255.0 | global | 08:00:27:68:68:7f |
[   23.747323] cloud-init[1136]: ci-info: | enp0s8 | True | fe80::a00:27ff:fe68:687f/64 |       .       |  link  | 08:00:27:68:68:7f |
[[0;32m  OK  [0m] Started ACPI Events Check.
[[0;32m  OK  [0m] Reached target Paths.
[[0;32m  OK  [0m] Listening on D-Bus System Message Bus Socket.
[   23.753613] cloud-init[1136]: ci-info: |   lo   | True |          127.0.0.1          |   255.0.0.0   |  host  |         .         |
[   23.760595] [[0;32m  OK  [0m] Started Daily Cleanup of Temporary Directories.
[[0;32m  OK  [0m] Listening on UUID daemon activation socket.
         Starting Socket activation for snappy daemon.
[[0;32m  OK  [0m] Listening on ACPID Listen Socket.
cloud-init[1136]: ci-info: |   lo   | True |           ::1/128           |       .       |  host  |         .         |
[   23.769040] cloud-init[1136]: ci-info: +--------+------+-----------------------------+---------------+--------+-------------------+
[   23.772316] cloud-init[1136]: ci-info: ++++++++++++++++++++++++++++Route IPv4 info++++++++++++++++++++++++++++
[   23.775271] cloud-init[1136]: ci-info: +-------+--------------+----------+---------------+-----------+-------+
         Starting LXD - unix socket.
[   23.794737] cloud-init[1136]: ci-info: | Route | Destination  | Gateway  |    Genmask    | Interface | Flags |
[   23.798701] cloud-init[1136]: ci-info: +-------+--------------+----------+---------------+-----------+-------+
[   23.801664] cloud-init[1136]: ci-info: |   0   |   0.0.0.0    | 10.0.2.2 |    0.0.0.0    |   enp0s3  |   UG  |
[   23.804582] cloud-init[1136]: ci-info: |   1   |   10.0.2.0   | 0.0.0.0  | 255.255.255.0 |   enp0s3  |   U   |
[   23.807519] cloud-init[1136]: ci-info: |   2   | 192.168.33.0 | 0.0.0.0  | 255.255.255.0 |   enp0s8  |   U   |
[   23.834224] [[0;32m  OK  [0m] Started Daily apt download activities.
[cloud-init[0;32m  OK  [0m[1136]: ] ci-info: +-------+--------------+----------+---------------+-----------+-------+Started Daily apt upgrade and clean activities.

[[0;32m  OK  [0m] Reached target Timers.
[[0;32m  OK  [0m] Reached target Network is Online.
[   23.836353] cloud-init[1136]: ci-info: +++++++++++++++++++Route IPv6 info+++++++++++++++++++
[   23.862266] cloud-init[1136]: ci-info: +-------+-------------+---------+-----------+-------+
[   23.864951] cloud-init[1136]: ci-info: | Route | Destination | Gateway | Interface | Flags |
[   23.869952] cloud-init[1136]: ci-info: +-------+-------------+---------+-----------+-------+
[   23.872535] cloud-init[1136]: ci-info: |   0   |  fe80::/64  |    ::   |   enp0s8  |   U   |
[   23.877515] cloud-init[1136]: ci-info: |   1   |  fe80::/64  |    ::   |   enp0s3  |   U   |
[   23.880257]          Starting iSCSI initiator daemon (iscsid)...
[[0;32m  OK  [0m] Reached target Cloud-config availability.
cloud-init[1136]: ci-info: |   4   |   ff00::/8  |    ::   |   enp0s8  |   U   |
[   23.894428] [cloud-init[0;32m  OK  [0m[1136]: ] ci-info: |   5   |   ff00::/8  |    ::   |   enp0s3  |   U   |Listening on Socket activation for snappy daemon.

[[0;32m  OK  [0m] Listening on LXD - unix socket.
[   23.895139] cloud-init[1136]: ci-info: +-------+-------------+---------+-----------+-------+
[[0;32m  OK  [0m] Reached target Sockets.
[[0;32m  OK  [0m] Reached target Basic System.
         Starting LXC network bridge setup...
[[0;32m  OK  [0m] Started Regular background program processing daemon.
         Starting LXD - container startup/shutdown...
         Starting Login Service...
         Starting /etc/rc.local Compatibility...
         Starting Accounts Service...
[[0;32m  OK  [0m] Started FUSE filesystem for LXC.
         Starting LSB: Record successful boot for GRUB...
         Starting Virtualbox guest utils...
         Starting LSB: MD monitoring daemon...
         Starting OpenBSD Secure Shell server...
[[0;32m  OK  [0m] Started ACPI event daemon.
         Starting System Logging Service...
[[0;32m  OK  [0m] Started Deferred execution scheduler.
[[0;32m  OK  [0m] Started D-Bus System Message Bus.
         Starting Snappy daemon...
[[0;32m  OK  [0m] Started System Logging Service.
[[0;32m  OK  [0m] Started /etc/rc.local Compatibility.
[[0;32m  OK  [0m] Started OpenBSD Secure Shell server.
[[0;32m  OK  [0m] Started Login Service.
[[0;32m  OK  [0m] Started Unattended Upgrades Shutdown.
[[0;32m  OK  [0m] Started iSCSI initiator daemon (iscsid).
         Starting Login to default iSCSI targets...
         Starting Authenticate and Authorize Users to Run Privileged Tasks...
[[0;32m  OK  [0m] Started LSB: MD monitoring daemon.
[[0;32m  OK  [0m] Started LSB: Record successful boot for GRUB.
[[0;32m  OK  [0m] Started Login to default iSCSI targets.
[[0;32m  OK  [0m] Reached target Remote File Systems (Pre).
[[0;32m  OK  [0m] Reached target Remote File Systems.
         Starting Permit User Sessions...
         Starting LSB: daemon to balance interrupts for SMP systems...
         Starting LSB: automatic crash report generation...
         Starting LSB: Set the CPU Frequency Scaling governor to "ondemand"...
[[0;32m  OK  [0m] Started Permit User Sessions.
         Starting Hold until boot process finishes up...
         Starting Terminate Plymouth Boot Screen...
[[0;32m  OK  [0m] Started LSB: Set the CPU Frequency Scaling governor to "ondemand".
[[0;32m  OK  [0m] Started Hold until boot process finishes up.
[[0;32m  OK  [0m] Started Terminate Plymouth Boot Screen.
[[0;32m  OK  [0m] Started LXC network bridge setup.
         Starting LXC Container Initialization and Autoboot Code...
[[0;32m  OK  [0m] Started Serial Getty on ttyS0.
[[0;32m  OK  [0m] Started Getty on tty1.
[[0;32m  OK  [0m] Reached target Login Prompts.
         Starting Set console scheme...
[[0;32m  OK  [0m] Started Set console scheme.
[[0;32m  OK  [0m] Started LSB: daemon to balance interrupts for SMP systems.
[[0;32m  OK  [0m] Started Authenticate and Authorize Users to Run Privileged Tasks.
[[0;32m  OK  [0m] Started LSB: automatic crash report generation.
[[0;32m  OK  [0m] Started Accounts Service.
[[0;32m  OK  [0m] Started Virtualbox guest utils.
[[0;32m  OK  [0m] Started LXC Container Initialization and Autoboot Code.
[[0;32m  OK  [0m] Created slice User Slice of vagrant.
         Starting User Manager for UID 1000...
[[0;32m  OK  [0m] Started Session 1 of user vagrant.
[[0;32m  OK  [0m] Started User Manager for UID 1000.
[[0;32m  OK  [0m] Started Snappy daemon.
         Starting Wait until snapd is fully seeded...
[[0;32m  OK  [0m] Started LXD - container startup/shutdown.
[[0;32m  OK  [0m] Started Wait until snapd is fully seeded.
         Starting Apply the settings specified in cloud-config...
[[0;32m  OK  [0m] Reached target Multi-User System.
[[0;32m  OK  [0m] Reached target Graphical Interface.
         Starting Update UTMP about System Runlevel Changes...
[[0;32m  OK  [0m] Started Update UTMP about System Runlevel Changes.
[   31.109840] cloud-init[1582]: Cloud-init v. 19.1-1-gbaa47854-0ubuntu1~16.04.1 running 'modules:config' at Tue, 20 Aug 2019 05:33:45 +0000. Up 30.91 seconds.
[[0;32m  OK  [0m] Started Apply the settings specified in cloud-config.
         Starting Execute cloud user/final scripts...
[   31.646288] cloud-init[1597]: Cloud-init v. 19.1-1-gbaa47854-0ubuntu1~16.04.1 running 'modules:final' at Tue, 20 Aug 2019 05:33:46 +0000. Up 31.48 seconds.
[   31.649228] cloud-init[1597]: Cloud-init v. 19.1-1-gbaa47854-0ubuntu1~16.04.1 finished at Tue, 20 Aug 2019 05:33:46 +0000. Datasource DataSourceNoCloud [seed=/dev/sdb][dsmode=net].  Up 31.63 seconds
[[0;32m  OK  [0m] Started Execute cloud user/final scripts.
[[0;32m  OK  [0m] Reached target Cloud-init target.

Ubuntu 16.04.6 LTS ubuntu-lxc-vm ttyS0

ubuntu-lxc-vm login:          Stopping User Manager for UID 1000...
[[0;32m  OK  [0m] Stopped target Cloud-init target.
[[0;32m  OK  [0m] Stopped Execute cloud user/final scripts.
[[0;32m  OK  [0m] Stopped target Timers.
[[0;32m  OK  [0m] Stopped Daily Cleanup of Temporary Directories.
         Stopping Session 9 of user vagrant.
[[0;32m  OK  [0m] Closed Load/Save RF Kill Switch Status /dev/rfkill Watch.
         Stopping ACPI event daemon...
[[0;32m  OK  [0m] Stopped target Graphical Interface.
[[0;32m  OK  [0m] Stopped target Multi-User System.
         Stopping Virtualbox guest utils...
         Stopping LC         Stopping Accounts Service...
         Stopping LSB: Record successful boot for GRUB...
[[0;32m  OK  [0m] Stopped Apply the settings specified in cloud-config.
[[0;32m  OK  [0m] Stopped target Cloud-config availability.
[[0;32m  OK  [0m] Stopped Wait until snapd is fully seeded.
         Stopping Authenticate and Authorize Users to Run Privileged Tasks...
[[0;32m  OK  [0m] Stopped Daily apt upgrade and clean activities.
[[0;32m  OK  [0m] Stopped Daily apt download activities.
[[0;32m  OK  [0m] Stopped target System Time Synchronized.
         Stopping Regular background program processing daemon...
         Stopping OpenBSD Secure Shell server...
         Stopping Deferred execution scheduler...
[[0;32m  OK  [0m] Stopped Regular background program processing daemon.
[[0;32m  OK  [0m] Stopped ACPI event daemon.
[[0;32m  OK  [0m] Stopped Deferred execution scheduler.
[[0;32m  OK  [0m] Stopped OpenBSD Secure Shell server.
[[0;32m  OK  [0m] Stopped Authenticate and Authorize Users to Run Privileged Tasks.
[[0;32m  OK  [0m] Stopped Serial Getty on ttyS0.
[[0;32m  OK  [0m] Stopped Getty on tty1.
[[0;32m  OK  [0m] Stopped User Manager for UID 1000.
[[0;32m  OK  [0m] Stopped Session 9 of user vagrant.
[[0;32m  OK  [0m] Stopped D-Bus System Message Bus.
[[0;32m  OK  [0m] Removed slice User Slice of vagrant.
[[0;32m  OK  [0m] Removed slice system-getty.slice.
[[0;32m  OK  [0m] Removed slice system-serial\x2dgetty.slice.
[[0;32m  OK  [0m] Stopped /etc/rc.local Compatibility.
         Stopping Permit User Sessions...
[[0;32m  OK  [0m] Stopped Accounts Service.
[[0;32m  OK  [0m] Stopped LXC Container Initialization and Autoboot Code.
[[0;32m  OK  [0m] Unmounted /var/lib/lxd/devlxd.
[[0;32m  OK  [0m] Unmounted /var/lib/lxd/shmounts.
[[0;32m  OK  [0m] Stopped Unattended Upgrades Shutdown.
[[0;32m  OK  [0m] Stopped LXD - main daemon.
[[0;32m  OK  [0m] Stopped LXD - container startup/shutdown.
[[0;32m  OK  [0m] Stopped Permit User Sessions.
[[0;32m  OK  [0m] Stopped LSB: Record successful boot for GRUB.
[[0;32m  OK  [0m] Stopped LSB: Set the CPU Frequency Scaling governor to "ondemand".
[[0;32m  OK  [0m] Stopped LSB: MD monitoring daemon.
[[0;32m  OK  [0m] Stopped LSB: automatic crash report generation.
[[0;32m  OK  [0m] Stopped LSB: daemon to balance interrupts for SMP systems.
[[0;32m  OK  [0m] Stopped target Remote File Systems.
[[0;32m  OK  [0m] Stopped target Remote File Systems (Pre).
         Stopping Login to default iSCSI targets...
         Stopping LXD - network bridge...
         Stopping Login Service...
[[0;32m  OK  [0m] Stopped User Manager for UID 1000.
[[0;32m  OK  [0m] Removed slice user-1000.slice.
         Stopping FUSE filesystem for LXC...
         Stopping LXC network bridge setup...
[[0;32m  OK  [0m] Unmounted /var/lib/lxcfs.
[[0;32m  OK  [0m] Stopped Login Service.
[[0;32m  OK  [0m] Stopped FUSE filesystem for LXC.
[[0;32m  OK  [0m] Stopped target User and Group Name Lookups.
[[0;32m  OK  [0m] Stopped Virtualbox guest utils.
[[0;32m  OK  [0m] Stopped System Logging Service.
[[0;32m  OK  [0m] Stopped LXC network bridge setup.
[[0;32m  OK  [0m] Stopped Login to default iSCSI targets.
         Stopping iSCSI initiator daemon (iscsid)...
[[0;32m  OK  [0m] Stopped iSCSI initiator daemon (iscsid).
[[0;32m  OK  [0m] Stopped target Network is Online.
[[0;32m  OK  [0m] Stopped target Network.
[[0;32m  OK  [0m] Stopped LXD - network bridge.
[[0;32m  OK  [0m] Stopped target Basic System.
[[0;32m  OK  [0m] Stopped target Paths.
[[0;32m  OK  [0m] Stopped Dispatch Password Requests to Console Directory Watch.
[[0;32m  OK  [0m] Stopped ACPI Events Check.
[[0;32m  OK  [0m] Stopped Forward Password Requests to Wall Directory Watch.
[[0;32m  OK  [0m] Stopped target Sockets.
[[0;32m  OK  [0m] Closed Syslog Socket.
[[0;32m  OK  [0m] Closed Socket activation for snappy daemon.
[[0;32m  OK  [0m] Closed UUID daemon activation socket.
[[0;32m  OK  [0m] Closed ACPID Listen Socket.
[[0;32m  OK  [0m] Closed LXD - unix socket.
[[0;32m  OK  [0m] Closed D-Bus System Message Bus Socket.
[[0;32m  OK  [0m] Stopped target Slices.
[[0;32m  OK  [0m] Removed slice User and Session Slice.
[[0;32m  OK  [0m] Stopped target System Initialization.
[[0;32m  OK  [0m] Stopped target Encrypted Volumes.
[[0;32m  OK  [0m] Stopped target Swap.
[[0;32m  OK  [0m] Stopped Initial cloud-init job (metadata service crawler).
         Stopping Raise network interfaces...
         Stopping Load/Save Random Seed...
[[0;32m  OK  [0m] Stopped Create Volatile Files and Directories.
[[0;32m  OK  [0m] Stopped Load/Save Random Seed.
[[0;32m  OK  [0m] Stopped Raise network interfaces.
[[0;32m  OK  [0m] Stopped Apply Kernel Variables.
[[0;32m  OK  [0m] Stopped Load Kernel Modules.
[[0;32m  OK  [0m] Stopped target Network (Pre).
[[0;32m  OK  [0m] Stopped Initial cloud-init job (pre-networking).
[[0;32m  OK  [0m] Stopped target Local File Systems.
         Unmounting /run/user/1000...
         Unmounting /vagrant_data...
         Unmounting /vagrant...
[[0;32m  OK  [0m] Unmounted /run/user/1000.
[[0;32m  OK  [0m] Unmounted /vagrant_data.
[[0;32m  OK  [0m] Unmounted /vagrant.
[[0;32m  OK  [0m] Reached target Unmount All Filesystems.
[[0;32m  OK  [0m] Stopped target Local File Systems (Pre).
[[0;32m  OK  [0m] Stopped Remount Root and Kernel File Systems.
[[0;32m  OK  [0m] Stopped Create Static Device Nodes in /dev.
[[0;32m  OK  [0m] Reached target Shutdown.
[ 85068]eboot: Power down
