[    0.000000] Initializing cgroup subsys cpuset
[    0.000000] Initializing cgroup subsys cpu
[    0.000000] Initializing cgroup subsys cpuacct
[    0.000000] Linux version 4.4.0-134-generic (buildd@lgw01-amd64-033) (gcc version 5.4.0 20160609 (Ubuntu 5.4.0-6ubuntu1~16.04.10) ) #160-Ubuntu SMP Wed Aug 15 14:58:00 UTC 2018 (Ubuntu 4.4.0-134.160-generic 4.4.140)
[    0.000000] Command line: BOOT_IMAGE=/boot/vmlinuz-4.4.0-134-generic root=LABEL=cloudimg-rootfs ro console=tty1 console=ttyS0
[    0.000000] KERNEL supported cpus:
[    0.000000]   Intel GenuineIntel
[    0.000000]   AMD AuthenticAMD
[    0.000000]   Centaur CentaurHauls
[    0.000000] x86/fpu: xstate_offset[2]:  576, xstate_sizes[2]:  256
[    0.000000] x86/fpu: Supporting XSAVE feature 0x01: 'x87 floating point registers'
[    0.000000] x86/fpu: Supporting XSAVE feature 0x02: 'SSE registers'
[    0.000000] x86/fpu: Supporting XSAVE feature 0x04: 'AVX registers'
[    0.000000] x86/fpu: Enabled xstate features 0x7, context size is 832 bytes, using 'standard' format.
[    0.000000] e820: BIOS-provided physical RAM map:
[    0.000000] BIOS-e820: [mem 0x0000000000000000-0x000000000009fbff] usable
[    0.000000] BIOS-e820: [mem 0x000000000009fc00-0x000000000009ffff] reserved
[    0.000000] BIOS-e820: [mem 0x00000000000f0000-0x00000000000fffff] reserved
[    0.000000] BIOS-e820: [mem 0x0000000000100000-0x000000003ffeffff] usable
[    0.000000] BIOS-e820: [mem 0x000000003fff0000-0x000000003fffffff] ACPI data
[    0.000000] BIOS-e820: [mem 0x00000000fec00000-0x00000000fec00fff] reserved
[    0.000000] BIOS-e820: [mem 0x00000000fee00000-0x00000000fee00fff] reserved
[    0.000000] BIOS-e820: [mem 0x00000000fffc0000-0x00000000ffffffff] reserved
[    0.000000] NX (Execute Disable) prtecti: ctive
[    0.000000] SMBIOS 2.5 present.
[    0.000000] Hypervisor detected: KVM
[    0.000000] e820: last_pfn = 0x3fff0 max_arch_pfn = 0x400000000
[    0.000000] MTRR: Disabled
[    0.000000] x86/PAT: MTRRs disabled, skipping PAT initialization too.
[    0.000000] CPU MTRRs all blank - virtualized system.
[    0.000000] x86/PAT: Configuration [0-7]: WB  WT  UC- UC  WB  WT  UC- UC  
[    0.000000] found SMP MP-table at [mem 0x0009fff0-0x0009ffff] mapped at [ffff88000009fff0]
[    0.000000] Scanning 1 areas for low memory corruption
[    0.000000] RAMDISK: [mem 0x3630c000-0x3717dfff]
[    0.000000] ACPI: Early table checksum verification disabled
[    0.000000] ACPI: RSDP 0x00000000000E0000 000024 (v02 VBOX  )
[    0.000000] ACPI: XSDT 0x000000003FFF0030 00003C (v01 VBOX   VBOXXSDT 00000001 ASL  00000061)
[    0.000000] ACPI: FACP 0x000000003FFF00F0 0000F4 v04 BOX   VBOXFACP 00000001 ASL  00000061)
[    0.000000] ACPI: DSDT 0x000000003FFF0470 0021FF (v02 VBOX   VBOXBIOS 00000002 INTL 20180105)
[    0.000000] ACPI: FACS 0x000000003FFF0200 000040
[    0.000000] ACPI: FACS 0x000000003FFF0200 000040
[    0.000000] ACPI: APIC 0x000000003FFF0240 00005C (v02 VBOX   VBOXAPIC 00000001 ASL  00000061)
[    0.000000] ACPI: SSDT 0x000000003FFF02A0 0001CC (v01 VBOX   VBOXCPUT 00000002 INTL 20180105)
[    0.000000] No NUMA configuration found
[    0.000000] Faking a node at [mem 0x0000000000000000-0x000000003ffeffff]
[    0.000000] NODE_DATA(0) allocated [mem 0x3ffeb000-0x3ffeffff]
[    0.000000] kvm-clock: Using msrs 4b564d01 and 4b564d00
[    0.000000] kvm-clock: cpu 0, msr 0:3ffe3001, primary cpu clock
[    0.000000] kvm-clock: using sched offset of 3984815252 cycles
[    0.000000] clocksource:vm-clock: mask: 0xffffffffffffffff max_cycles: 0x1cd42e4dffb, max_idle_ns: 881590591483 ns
[    0.000000] Zone ranges:
[    0.000000]   DMA      [mem 0x0000000000001000-0x0000000000ffffff]
[    0.000000]   DMA32    [mem 0x0000000001000000-0x000000003ffeffff]
[   0000000]   Normal   empty
[    0.000000]   Device   empty
[    0.000000] Movable zone start for each node
[    0.000000] Early memory node ranges
[    0.000000]   node   0: [mem 0x0000000000001000-0x000000000009efff]
[    0.000000]   node   0: [mem 0x0000000000100000-0x000000003ffeffff]
[    0.000000] Initmem setup node 0 [mem 0x0000000000001000-0x000000003ffeffff]
[    0.000000] ACPI: PM-Timer IO Port: 0x4008
[    0.000000] IOAPIC[0]: apic_id 2, version 32, address 0xfec00000, GSI 0-23
[    0.000000] ACPI: INT_SRC_OVR (bus 0 bus_irq 0 global_irq 2 dfl dfl)
[    0.000000] ACPI: INT_SRC_OVR (bus 0 bus_irq 9 global_irq 9 low level)
[    0.000000] Using ACPI (MADT) fo SMP configuration information
[    0.000000] smpboot: Allowing 2 CPUs, 0 hotplug CPUs
[    0.000000] PM: Registered nosave memory: [mem 0x00000000-0x00000fff]
[    0.000000] PM: Registered nosave memory: [mem 0x0009f000-0x0009ffff]
[    0.000000] PM: Registered nosave memory: [mem 0x000a0000-0x000effff]
[    0.000000] PM: Registered nosave memory: [mem 0x000f0000-0x000fffff]
[    0.000000] e820: [mem 0x40000000-0xfebfffff] available for PCI devices
[    0.000000] Booting paravirtualized kernel on KVM
[    0.000000] clocksource: refined-jiffies: mask: 0xffffffff max_cycles: 0xffffffff, max_idle_ns: 7645519600211568 ns
[    0.000000] setup_percpu: NR_CPUS:512 nr_cpumask_bits:512 nr_cpu_ids:2 nr_node_ids:1
[    0.000000] PERCPU: Embedded 34 pages/cpu @ffff88003fc00000 s99544 r8192 d31528 u1048576
[    0.000000] PV qspinlock hash table entries: 256 (order: 0, 4096 bytes)
[    0.000000] Built 1 zonelists in Node order, mobility grouping on.  Total pages: 257912
[    0.00000] Pocy zone: DMA32
[    0.000000] Kernel command line: BOOT_IMAGE=/boot/vmlinuz-4.4.0-134-generic root=LABEL=cloudimg-rootfs ro console=tty1 console=ttyS0
[    0.000000] PID hash table entries: 4096 (order: 3, 32768 bytes)
[    0.000000] Memory: 997724K/1048120K available (8554K kernel code, 1314K rwdata, 4004K rodata, 1516K init, 1316K bss, 50396K reserved, 0K cma-reserved)
[    0.000000] SLUB: HWalign=64, Order=0-3, MinObjects=0, CPUs=2, Nodes=1
[    0.000000] Kernel/User page tables isolation: enabled
[    0.000000] Hierarchical RCU implementation.
[    0.000000] 	Build-time adjustment of leaf fanout to 64.
[    0.000000] 	RCU restricting CPUs from NR_CPUS=512 to nr_cpu_ids=2.
[    0.000000] RCU: Adjusting geometry for rcu_fanout_leaf=64, nr_cpu_ids=2
[    0.000000] NR_IRQS:33024 nr_irqs:440 16
[    0.000000] Console: colour VGA+ 80x25
[    0.000000] console [tty1] enabled
[    0.000000] console [ttyS0] enabled
[    0.000000] tsc: Detected 2303.998 MHz processor
[    0.869106] Calibrating delay loop (skipped) preset value.. 4607.99 BogoMIPS (lpj=9215992)
[    0.871892] pid_max: default: 32768 minimum: 301
[    0.881790] ACPI: Core revision 20150930
[    0.884109] ACPI: 2 ACPI AML tables successfully acquired and loaded
[    0.885678] Security Framework initialized
[    0.886666] Yama: becoming mindful.
[    0.887649] AppArmor: AppArmor initialized
[    0.899743] Dentry cache hash table entries: 131072 (order: 8, 1048576 bytes)
[    0.915722] Inode-cache hash table entries: 65536 (order: 7, 524288 bytes)
[    0.917602] Mount-cache hash table entries: 2048 (order: 2, 16384 bytes)
[    0.924433] Mountpoint-cache hash table entries: 2048 (order: 2, 16384 bytes)
[    0.926112] Initializing cgroup subsys io
[    0.928368] Initializing cgroup subsys memory
[    0.934254] Initializing cgroup subsys devices
[    0.940393] Initializing cgroup subsys freezer
[    0.950173] Initializing cgroup subsys net_cls
[    0.951443] Initializing cgroup subsys perf_event
[    0.954034] Initializing cgroup subsys net_prio
[    0.956809] Initializing cgroup subsys hugetlb
[    0.958094] Initializing cgroup subsys pids
[    0.966024] mce: CPU supports 0 MCE banks
[    0.968753] Last level iTLB entries: 4KB 64, 2MB 8, 4MB 8
[    0.974720] Last level dTLB entries: 4KB 64, 2MB 0, 4MB 0, 1GB 4
[    0.981649] Spectre V2 : Mitigation: Full generic retpoline
[    0.993882] Spectre V2 : Speculation control IBPB not-supported IBRS not-supported
[    0.997058] Spectre V2 : Filling RSB on context switch
[    0.998777] Speculative Store Bypass: Vulnerable
[    1.003042] Freeing SMP alternatives memory: 32K
[    1.020959] ftrace: allocating 32266 entries in 127 pages
[    1.097393] smpboot: APIC(0) Converting physical 0 to logical package 0
[    1.112194] smpboot: Max logical packages: 1
[    1.114916] x2apic enabled
[    1.116095] Switched APIC routing to physical x2apic.
[    1.133795] ..TIMER: vector=0x30 apic1=0 pin1=2 apic2=-1 pin2=-1
[    1.239634] APIC calibration not consistent with PM-Timer: 96ms instead of 100ms
[    1.249265] APIC delta adjusted to PM-Timer: 6250727 (6002657)
[    1.250851] smpboot: CPU0: Intel(R) Core(TM) i3-6100U CPU @ 2.30GHz (family: 0x6, model: 0x4e, stepping: 0x3)
[    1.253784] Performance Events: unsupported p6 CPU model 78 no PMU driver, software events only.
[    1.261985] KVM setup paravirtual spinlock
[    1.265328] x86: Booting SMP configuration:
[    1.266697] .... node  #0, CPUs:      #1
[    1.268151] kvm-clock: cpu 1, msr 0:3ffe3041, secondary cpu clock
[    1.270613] mce: CPU supports 0 MCE banks
[    1.304833] x86: Booted up 1 node, 2 CPUs
[    1.316950] smpboot: Total of 2 processors activated (9215.99 BogoMIPS)
[    1.319531] devtmpfs: initialized
[    1.323296] evm: security.selinux
[    1.329776] evm: security.SMACK64
[    1.330937] evm: security.SMACK64EXEC
[    1.333420] evm: security.SMACK64TRANSMUTE
[    1.335786] evm: security.SMACK64MMAP
[    1.337024] evm: security.ima
[    1.338123] evm: security.capability
[    1.340938] clocksource: jiffies: mask: 0xffffffff max_cycles: 0xffffffff, max_idle_ns: 7645041785100000 ns
[    1.354374] futex hash table entries: 512 (order: 3, 32768 bytes)
[    1.366672] pinctrl core: initialized pinctrl subsystem
[    1.370160] RTC time:  9:13:31, date: 09/22/19
[    1.371685] NET: Registered protocol family 16
[    1.386792] cpuidle: using governor ladder
[    1.399624] cpuidle: using governor menu
[    1.411474] PCCT header not found.
[    1.412520] ACPI: bus type PCI registered
[    1.413494] acpiphp: ACPI Hot Plug PCI Controller Driver version: 0.5
[    1.415012] PCI: Using configuration type 1 for base access
[    1.428008] ACPI: Added _OSI(Module Device)
[    1.434354] ACPI: Added _OSI(Processor Device)
[    1.446865] ACPI: Added _OSI(3.0 _SCP Extensions)
[    1.448041] ACPI: Added _OSI(Processor Aggregator Device)
[    1.450273] ACPI: Executed 1 blocks of module-level executable AML code
[    1.466514] ACPI: Interpreter enabled
[    1.469707] ACPI: (supports S0 S5)
[    1.470624] ACPI: Using IOAPIC for interrupt routing
[    1.472131] PCI: Using host bridge windows from ACPI; if necessary, use "pci=nocrs" and report a bug
[    1.520140] ACPI: PCI Root Bridge [PCI0] (domain 0000 [bus 00-ff])
[    1.529827] acpi PNP0A03:00: _OSC: OS supports [ASPM ClockPM Segments MSI]
[    1.537932] acpi PNP0A03:00: _OSC: not requesting OS control; OS requires [ExtendedConfig ASPM ClockPM MSI]
[    1.546071] acpi PNP0A03:00: fail to add MMCONFIG information, can't access extended PCI configuration space under this bridge.
[    1.550034] PCI host bridge to bus 0000:00
[    1.551476] pci_bus 0000:00: root bus resource [io  0x0000-0x0cf7 window]
[    1.553411] pci_bus 0000:00: root bus resource [io  0x0d00-0xffff window]
[    1.555333] pci_bus 0000:00: root bus resource [mem 0x000a0000-0x000bffff window]
[    1.563798] pci_bus 0000:00: root bus resource [mem 0x40000000-0xfdffffff window]
[    1.571646] pci_bus 0000:00: root bus resource [bus 00-ff]
[    1.581486] pci 0000:00:01.1: legacy IDE quirk: reg 0x10: [io  0x01f0-0x01f7]
[    1.583575] pci 0000:00:01.1: legacy IDE quirk: reg 0x14: [io  0x03f6]
[    1.598576] pci 0000:00:01.1: legacy IDE quirk: reg 0x18: [io  0x0170-0x0177]
[    1.613335] pci 0000:00:01.1: legacy IDE quirk: reg 0x1c: [io  0x0376]
[    1.652983] pci 0000:00:07.0: quirk: [io  0x4000-0x403f] claimed by PIIX4 ACPI
[    1.664200] pci 0000:00:07.0: quirk: [io  0x4100-0x410f] claimed by PIIX4 SMB
[    1.680628] ACPI: PCI Interrupt Link [LNKA] (IRQs 5 9 10 *11)
[    1.699033] ACPI: PCI Interrupt Link [LNKB] (IRQs 5 9 *10 11)
[    1.713843] ACPI: PCI Interrupt Link [LNKC] (IRQs 5 *9 10 11)
[    1.720770] ACPI: PCI Interrupt Link [LNKD] (IRQs 5 9 10 *11)
[    1.733997] ACPI: Enabled 2 GPEs in block 00 to 07
[    1.736205] vgaarb: setting as boot device: PCI:0000:00:02.0
[    1.737891] vgaarb: device added: PCI:0000:00:02.0,decodes=io+mem,owns=io+mem,locks=none
[    1.747164] vgaarb: loaded
[    1.753384] vgaarb: bridge control possible 0000:00:02.0
[    1.755272] SCSI subsystem initialized
[    1.762199] ACPI: bus type USB registered
[    1.763552] usbcore: registered new interface driver usbfs
[    1.765230] usbcore: registered new interface driver hub
[    1.774129] usbcore: registered new device driver usb
[    1.780776] PCI: Using ACPI for IRQ routing
[    1.784228] NetLabel: Initializing
[    1.786195] NetLabel:  domain hash size = 128
[    1.800509] NetLabel:  protocols = UNLABELED CIPSOv4
[    1.808542] NetLabel:  unlabeled traffic allowed by default
[    1.832070] amd_nb: Cannot enumerate AMD northbridges
[    1.833778] clocksource: Switched to clocksource kvm-clock
[    1860953] AppArmor: AppArmor Filesystem Enabled
[   1.895754] pnp: PnP ACPI init
[    1.927855] pnp: PnP ACPI: found 3 devices

[    1.947047] clocksource: acpi_pm: mask:0xfffff max_cycles: 0xffffff, max_idle_ns: 2085701024 ns
[    2.007144] NET: Registered protocol family 2
[    2.008666] TCP established hash table entries: 8192 (order: 4, 65536 bytes)
[    2.030586] TCP bind hash table entries: 8192 (order: 5, 131072 bytes)
[    2.032536] TCP: Hash tables confiurd stlied192 bind 8192)
[   2.2872] UDP hash table entries: 512 (order: 2, 16384 bytes)
[    2.408598] UDP-Lite hash table entries: 512 (order: 2, 16384 bytes)
[    2.410796] NET: Registered protocol family 1
[    2.413821] pci 0000:00:00.0: Limiting direct PCPCI transfers
[    271594] pci 0000:00:01. Activating ISA DMA hang workarounds
[    2.587550]npacking initramf...

[    2.967685] Freeing initrd memory: 14792K
[    2.974586] platform rtc_cmos: registered platform RTC device (no PNP device found)
[    2.985989] Scanning for low memory corruption every 60 seconds
[    2.988448] audit: initializing netlink subsys (disabled)
[    2.995650] audit: type=2000 audit(1569143616.891:1): initialized
[    3.004342] Initialise system trusted keyring
[    3.039654] HugeTLB registered 2 MB page size, pre-allocated 0 pages
[    3.063798] zbud: loaded
[    3.068749] VFS: Disk quotas dquot_6.6.0
[    3.090418] VFS: Dquot-cache hash table entries: 512 (order 0, 4096 bytes)
[    3.105851] squashfs: version 4.0 (2009/01/31) Phillip Lougher
[    3.145738] fuse init (API version 7.23)
[    3.165240] Key type big_key registered
[    3.167906] Allocating IMA MOK and blacklist keyrings.
[    3.170822] Key type asymmetric registered
[    3.172247] Asymmetric key parser 'x509' registered
[    3.196844] Block layer SCSI generic (bsg) driver version 0.4 loaded (major 249)
[    3.199460] io scheduler noop registered
[    3.200625] io scheduler deadline registered (default)
[    3.201892] io scheduler cfq registered
[    3.248711] pci_hotplug: PCI Hot Plug PCI Core version: 0.5
[    3.250399] pciehp: PCI Express Hot Plug Controller Driver version: 0.4
[    3.294350] ACPI: AC Adapter [AC] (on-line)
[    3.295875] input: Power Button as /devices/LNXSYSTM:00/LNXPWRBN:00/input/input0
[    3.301350] ACPI: Power Button [PWRF]
[    3.314365] input: Sleep Button as /devices/LNXSYSTM:00/LNXSLPBN:00/input/input1
[    3.316513] ACPI: Sleep Button [SLPF]
[    3.317945] GHES: HEST is not enabled!
[    3.319005] ACPI: Battery Slot [BAT0] (battery present)
[    3.330832] Serial: 8250/16550 driver, 32 ports, IRQ sharing enabled
[    3.356730] 00:02: ttyS0 at I/O 0x3f8 (irq = 4, base_baud = 115200) is a 16550A
[    3.407219] Linux agpgart interface v0.103
[    3.436989] loop: module loaded
[    3.448062] scsi host0: ata_piix
[    3.449450] scsi host1: ata_piix
[    3.450710] ata1: PATA max UDMA/33 cmd 0x1f0 ctl 0x3f6 bmdma 0xd000 irq 14
[    3.452716] ata2: PATA max UDMA/33 cmd 0x170 ctl 0x376 bmdma 0xd008 irq 15
[    3.475060] libphy: Fixed MDIO Bus: probed
[    3.484960] tun: Universal TUN/TAP device driver, 1.6
[    3.487504] tun: (C) 1999-2004 Max Krasnyansky <maxk@qualcomm.com>
[    3.534871] PPP generic driver version 2.4.2
[    3.545082] ehci_hcd: USB 2.0 'Enhanced' Host Controller (EHCI) Driver
[    3.568852] ehci-pci: EHCI PCI platform driver
[    3.587501] ehci-platform: EHCI generic platform driver
[    3.594360] ohci_hcd: USB 1.1 'Open' Host Controller (OHCI) Driver
[    3.595808] ohci-pci: OHCI PCI platform driver
[    3.596923] ohci-platform: OHCI generic platform driver
[    3.598218] uhci_hcd: USB Universal Host Controller Interface driver
[    3.599710] i8042: PNP: PS/2 Controller [PNP0303:PS2K,PNP0f03:PS2M] at 0x60,0x64 irq 1,12
[    3.602276] serio: i8042 KBD port at 0x60,0x64 irq 1
[    3.644538] serio: i8042 AUX port at 0x60,0x64 irq 12
[    3.646664] mousedev: PS/2 mouse device common for all mice
[    3.650488] rtc_cmos rtc_cmos: rtc core: registered rtc_cmos as rtc0
[    3.652594] input: AT Translated Set 2 keyboard as /devices/platform/i8042/serio0/input/input2
[    3.655204] rtc_cmos rtc_cmos: alarms up to one day, 114 bytes nvram
[    3.657169] i2c /dev entries driver
[    3.658508] device-mapper: uevent: version 1.0.3
[    3.660254] device-mapper: ioctl: 4.34.0-ioctl (2015-10-28) initialised: dm-devel@redhat.com
[    3.667944] ledtrig-cpu: registered to indicate activity on CPUs
[    3.670232] NET: Registered protocol family 10
[    3.671922] NET: Registered protocol family 17
[    3.678959] Key type dns_resolver registered
[    3.683446] registered taskstats version 1
[    3.684662] Loading compiled-in X.509 certificates
[    3.686681] Loaded X.509 cert 'Build time autogenerated kernel key: 4eb3d024ac16f76c1747ffd474694c84db21038b'
[    3.694628] zswap: loaded using pool lzo/zbud
[    3.703194] Key type trusted registered
[    3.710145] Key type encrypted registered
[    3.716673] AppArmor: AppArmor sha1 policy hashing enabled
[    3.735618] ima: No TPM chip found, activating TPM-bypass!
[    3.745080] ima: Allocated hash algorithm: sha1
[    3.746325] evm: HMAC attrs: 0x1
[    3.751381]   Magic number: 3:792:222
[    3.752800] rtc_cmos rtc_cmos: setting system clock to 2019-09-22 09:13:33 UTC (1569143613)
[    3.761020] BIOS EDD facility v0.16 2004-Jun-25, 0 devices found
[    3.762787] EDD information not available.
[    3.765773] Freeing unused kernel memory: 1516K
[    3.963497] Write protecting the kernel read-only data: 14336k
[    3.988216] tsc: Refined TSC clocksource calibration: 2304.950 MHz
[    3.988222] clocksource: tsc: mask: 0xffffffffffffffff max_cycles: 0x2139791e3bb, max_idle_ns: 440795259748 ns
[    4.146521] Freeing unused kernel memory: 1672K
[    4.148490] Freeing unused kernel memory: 92K
Loading, please [    4.190811] random: systemd-udevd: uninitialized urandom read (16 bytes read, 5 bits of entropy available)
wait...
starting version 229
[    4.191727] random: udevadm: uninitialized urandom read (16 bytes read, 5 bits of entropy available)
[    4.191750] random: udevadm: uninitialized urandom read (16 bytes read, 5 bits of entropy available)
[    4.205072] random: udevadm: uninitialized urandom read (16 bytes read, 5 bits of entropy available)
[    4.205145] random: udevadm: uninitialized urandom read (16 bytes read, 5 bits of entropy available)
[    4.205397] random: udevadm: uninitialized urandom read (16 bytes read, 5 bits of entropy available)
[    4.205492] random: udevadm: uninitialized urandom read (16 bytes read, 5 bits of entropy available)
[    4.205578] random: udevadm: uninitialized urandom read (16 bytes read, 5 bits of entropy available)
[    4.205672] random: udevadm: uninitialized urandom read (16 bytes read, 5 bits of entropy available)
[    4.205760] random: udevadm: uninitialized urandom read (16 bytes read, 5 bits of entropy available)
[    4.336502] Fusion MPT base driver 3.04.20
[    4.384053] Copyright (c) 1999-2008 LSI Corporation
[    4.414710] e1000: Intel(R) PRO/1000 Network Driver - version 7.3.21-k8-NAPI
[    4.419383] e1000: Copyright (c) 1999-2006 Intel Corporation.
[    4.439628] Fusion MPT SPI Host driver 3.04.20
[    4.467081] AVX2 version of gcm_enc/dec engaged.
[    4.477228] AES CTR mode by8 optimization enabled
[    4.631197] input: ImExPS/2 Generic Explorer Mouse as /devices/platform/i8042/serio1/input/input4
[    4.832322] e1000 0000:00:03.0 eth0: (PCI:33MHz:32-bit) 02:1d:76:b3:3c:fe
[    4.834234] e1000 0000:00:03.0 eth0: Intel(R) PRO/1000 Network Connection
[    5.256055] e1000 0000:00:08.0 eth1: (PCI:33MHz:32-bit) 08:00:27:a4:2b:8b
[    5.297172] e1000 0000:00:08.0 eth1: Intel(R) PRO/1000 Network Connection
[    5.336418] e1000 0000:00:08.0 enp0s8: renamed from eth1
[    5.341936] mptbase: ioc0: Initiating bringup
[    5.374381] e1000 0000:00:03.0 enp0s3: renamed from eth0
[    5.418162] ioc0: LSI53C1030 A0: Capabilities={Initiator}
[    5.882296] scsi host2: ioc0: LSI53C1030 A0, FwRev=00000000h, Ports=1, MaxQ=256, IRQ=20
[    6.034652] scsi 2:0:0:0: Direct-Access     VBOX     HARDDISK         1.0  PQ: 0 ANSI: 5
[    6.048420] scsi target2:0:0: Beginning Domain Validation
[    6.116349] scsi target2:0:0: Domain Validation skipping write tests
[    6.467723] scsi target2:0:0: Ending Domain Validation
[    6.469100] scsi target2:0:0: asynchronous
[    6.485822] scsi 2:0:1:0: Direct-Access     VBOX     HARDDISK         1.0  PQ: 0 ANSI: 5
[    6.506446] scsi target2:0:1: Beginning Domain Validation
[    6.512356] scsi target2:0:1: Domain Validation skipping write tests
[    6.856513] scsi target2:0:1: Ending Domain Validation
[    6.858117] scsi target2:0:1: asynchronous
[    6.998060] sd 2:0:0:0: [sda] 20971520 512-byte logical blocks: (10.7 GB/10.0 GiB)
[    7.000354] sd 2:0:0:0: Attached scsi generic sg0 type 0
[    7.002391] sd 2:0:1:0: [sdb] 20480 512-byte logical blocks: (10.5 MB/10.0 MiB)
[    7.007339] sd 2:0:1:0: Attached scsi generic sg1 type 0
[    7.015557] sd 2:0:0:0: [sda] Write Protect is off
[    7.035590] sd 2:0:1:0: [sdb] Write Protect is off
[    7.043625] sd 2:0:0:0: [sda] Incomplete mode parameter data
[    7.043627] sd 2:0:0:0: [sda] Assuming drive cache: write through
[    7.070405]  sda: sda1
[    7.071270] sd 2:0:0:0: [sda] Attached SCSI disk
[    7.087562] sd 2:0:1:0: [sdb] Incomplete mode parameter data
[    7.094489] sd 2:0:1:0: [sdb] Assuming drive cache: write through
[    7.144669] sd 2:0:1:0: [sdb] Attached SCSI disk
Begin: Loading essential drivers ... [    8.804532] md: linear personality registered for level -1
[    8.829749] md: multipath personality registered for level -4
[    8.834837] md: raid0 personality registered for level 0
[    8.849314] md: raid1 personality registered for level 1
[    8.929852] raid6: sse2x1   gen()  6982 MB/s
[    9.009841] raid6: sse2x1   xor()  5404 MB/s
[    9.093943] raid6: sse2x2   gen()  8872 MB/s
[    9.161953] raid6: sse2x2   xor()  6081 MB/s
[    9.233800] raid6: sse2x4   gen() 10255 MB/s
[    9.305937] raid6: sse2x4   xor()  6695 MB/s
[    9.381900] raid6: avx2x1   gen() 14156 MB/s
[    9.449840] raid6: avx2x2   gen() 15916 MB/s
[    9.525852] raid6: avx2x4   gen() 17724 MB/s
[    9.527009] raid6: using algorithm avx2x4 gen() 17724 MB/s
[    9.546651] raid6: using avx2x2 recovery algorithm
[    9.552250] xor: automatically using best checksumming function:
[    9.626423]    avx       : 39814.000 MB/sec
[    9.632363] async_tx: api initialized (async)
[    9.663281] md: raid6 personality registered for level 6
[    9.664921] md: raid5 personality registered for level 5
[    9.693405] md: raid4 personality registered for level 4
[    9.702408] md: raid10 personality registered for level 10
done.
Begin: Running /scripts/init-premount ... done.
Begin: Mounting root file system ... Begin: Running /scripts/local-top ... done.
Begin: Running /scripts/local-premount ... [    9.756212] Btrfs loaded
Scanning for Btrfs filesystems
done.
Warning: fsck not present, so skipping root file system
[    9.873999] EXT4-fs (sda1): mounted filesystem with ordered data mode. Opts: (null)
done.
Begin: Running /scripts/local-bottom ... done.
Begin: Running /scripts/init-bottom ... done.
[   10.736123] systemd[1]: systemd 229 running in system mode. (+PAM +AUDIT +SELINUX +IMA +APPARMOR +SMACK +SYSVINIT +UTMP +LIBCRYPTSETUP +GCRYPT +GNUTLS +ACL +XZ -LZ4 +SECCOMP +BLKID +ELFUTILS +KMOD -IDN)
[   10.803222] systemd[1]: Detected virtualization oracle.
[   10.834381] systemd[1]: Detected architecture x86-64.

Welcome to [1mUbuntu 16.04.5 LTS[0m!

[   10.897161] random: nonblocking pool is initialized
[   10.899681] systemd[1]: Set hostname to <ubuntu>.
[   10.921134] systemd[1]: Initializing machine ID from random generator.
[   10.965486] systemd[1]: Installed transient /etc/machine-id file.
[   11.999016] systemd[1]: Listening on /dev/initctl Compatibility Named Pipe.
[[0;32m  OK  [0m] Listening on /dev/initctl Compatibility Named Pipe.
[   12.054730] systemd[1]: Started Forward Password Requests to Wall Directory Watch.
[[0;32m  OK  [0m] Started Forward Password Requests to Wall Directory Watch.
[   12.117517] systemd[1]: Listening on udev Control Socket.
[[0;32m  OK  [0m] Listening on udev Control Socket.
[   12.137281] systemd[1]: Listening on udev Kernel Socket.
[[0;32m  OK  [0m] Listening on udev Kernel Socket.
[   12.170151] systemd[1]: Listening on Journal Socket.
[[0;32m  OK  [0m] Listening on Journal Socket.
[   12.228492] systemd[1]: Listening on Syslog Socket.
[[0;32m  OK  [0m] Listening on Syslog Socket.
[   12.247198] systemd[1]: Listening on LVM2 metadata daemon socket.
[[0;32m  OK  [0m] Listening on LVM2 metadata daemon socket.
[   12.280477] systemd[1]: Reached target Encrypted Volumes.
[[0;32m  OK  [0m] Reached target Encrypted Volumes.
[   12.296306] systemd[1]: Set up automount Arbitrary Executable File Formats File System Automount Point.
[[0;32m  OK  [0m] Set up automount Arbitrary Executab...ats File System Automount Point.
[   12.319918] systemd[1]: Reached target System Time Synchronized.
[[0;32m  OK  [0m] Reached target System Time Synchronized.
[   12.342538] systemd[1]: Listening on LVM2 poll daemon socket.
[[0;32m  OK  [0m] Listening on LVM2 poll daemon socket.
[   12.388104] systemd[1]: Reached target User and Group Name Lookups.
[[0;32m  OK  [0m] Reached target User and Group Name Lookups.
[   12.468920] systemd[1]: Created slice System Slice.
[[0;32m  OK  [0m] Created slice System Slice.
[   12.510348] systemd[1]: Starting Set console keymap...
         Starting Set console keymap...
[   12.570148] systemd[1]: Mounting Debug File System...
         Mounting Debug File System...
[   12.612660] systemd[1]: Created slice system-serial\x2dgetty.slice.
[[0;32m  OK  [0m] Created slice system-serial\x2dgetty.slice.
[   12.660031] systemd[1]: Starting Load Kernel Modules...
         Starting Load Kernel Modules...
[   12.735172] Loading iSCSI transport class v2.0-870.
[   12.762112] systemd[1]: Mounting Huge Pages File System...
         Mounting Huge Pages File System...
[   12.782024] systemd[1]: Started Trigger resolvconf update for networkd DNS.
[[0;32m  OK  [[   12.806286] iscsi: registered transport (tcp)
0m] Started Trigger resolvconf update for networkd DNS.
[   12.823654] systemd[1]: Mounting POSIX Message Queue File System...
         Mounting POSIX Message Queue File System...
[   12.838040] systemd[1]: Listening on Device-mapper event daemon FIFOs.
[[0;32m  OK  [0m] Listening on Device-mapper event daemon FIFOs.
[   12.851844] systemd[1]: Starting Monitoring of LVM2 mirrors, snapshots etc. using dmeventd or progress polling...
         Starting Monitoring of LVM2 mirrors... dmeventd or progress polling...
[   12.889443] systemd[1]: Listening on Journal Audit Socket.
[   12.907149] iscsi: registered transport (iser)
[[0;32m  OK  [0m] Listening on Journal Audit Socket.
[   12.930306] systemd[1]: Starting Nameserver information manager...
         Starting Nameserver information manager...
[   12.943367] systemd[1]: Starting Create list of required static device nodes for the current kernel...
         Starting Create list of required st... nodes for the current kernel...
[   12.956668] systemd[1]: Starting Uncomplicated firewall...
         Starting Uncomplicated firewall...
[   12.966859] systemd[1]: Starting Remount Root and Kernel File Systems...
         Starting Remount Root and Kernel File Systems...
[   12.970398] systemd[1]: Reached target Swap.
[[0;32m  OK  [0m] Reached target Swap.
[   12.978206] systemd[1]: Listening on Journal Socket (/dev/log).
[[0;32m  OK  [0[   12.986470] EXT4-fs (sda1): re-mounted. Opts: (null)
m] Listening on Journal Socket (/dev/log).
[   13.042084] systemd[1]: Starting Journal Service...
         Starting Journal Service...
[   13.051352] systemd[1]: Created slice User and Session Slice.
[[0;32m  OK  [0m] Created slice User and Session Slice.
[   13.069192] systemd[1]: Reached target Slices.
[[0;32m  OK  [0m] Reached target Slices.
[   13.086844] systemd[1]: Mounted Debug File System.
[[0;32m  OK  [0m] Mounted Debug File System.
[   13.098015] systemd[1]: Mounted Huge Pages File System.
[[0;32m  OK  [0m] Mounted Huge Pages File System.
[   13.113944] systemd[1]: Mounted POSIX Message Queue File System.
[[0;32m  OK  [0m] Mounted POSIX Message Queue File System.
[   13.120859] systemd[1]: Started Set console keymap.
[[0;32m  OK  [0m] Started Set console keymap.
[   13.136501] systemd[1]: Started Load Kernel Modules.
[[0;32m  OK  [0m] Started Load Kernel Modules.
[   13.179338] systemd[1]: Started Create list of required static device nodes for the current kernel.
[[0;32m  OK  [0m] Started Create list of required sta...ce nodes for the current kernel.
[   13.209647] systemd[1]: Started Uncomplicated firewall.
[[0;32m  OK  [0m] Started Uncomplicated firewall.
[   13.214300] systemd[1]: Started Remount Root and Kernel File Systems.
[[0;32m  OK  [0m] Started Remount Root and Kernel File Systems.
[   13.246573] systemd[1]: Started Nameserver information manager.
[[0;32m  OK  [0m] Started Nameserver information manager.
[   13.316710] systemd[1]: Started Journal Service.
[[0;32m  OK  [0m] Started Journal Service.
[[0;32m  OK  [0m] Started LVM2 metadata daemon.
         Starting Load/Save Random Seed...
         Starting Flush Journal to Persistent Storage...
         Starting udev Coldplug all Devices...
         Starting Create Static Device Nodes in /dev...
         Mounting FUSE Control File System...
         Starting Apply Kernel Variables...
[[0;32m  OK  [0m] Mounted FUSE Control File System.
[[0;32m  OK  [0m] Started Load/Save Random Seed.
[   13.549247] systemd-journald[407]: Received request to flush runtime journal from PID 1
[[0;32m  OK  [0m] Started Flush Journal to Persistent Storage.
[[0;32m  OK  [0m] Started Apply Kernel Variables.
[[0;32m  OK  [0m] Started Create Static Device Nodes in /dev.
[[0;32m  OK  [0m] Started udev Coldplug all Devices.
         Starting udev Kernel Device Manager...
[[0;32m  OK  [0m] Started udev Kernel Device Manager.
[[0;32m  OK  [0m] Started Dispatch Password Requests to Console Directory Watch.
[[0;32m  OK  [0m] Started Monitoring of LVM2 mirrors,...ng dmeventd or progress polling.
[[0;32m  OK  [0m] Reached target Local File Systems (Pre).
[[0;32m  OK  [0m] Reached target Local File Systems.
         Starting LSB: AppArmor initialization...
         Starting Initial cloud-init job (pre-networking)...
         Starting Create Volatile Files and Directories...
         Starting Commit a transient machine-id on disk...
         Starting Set console font and keymap...
         Starting Tell Plymouth To Write Out Runtime Data...
[[0;32m  OK  [0m] Found device /dev/ttyS0.
[[0;32m  OK  [0m] Started Commit a transient machine-id on disk.
[[0;32m  OK  [0m] Started Create Volatile Files and Directories.
[[0;32m  OK  [0m] Started Tell Plymouth To Write Out Runtime Data.
         Starting Update UTMP about System Boot/Shutdown...
[[0;32m  OK  [0m] Listening on Load/Save RF Kill Switch Status /dev/rfkill Watch.
[[0;32m  OK  [0m] Started Update UTMP about System Boot/Shutdown.
[[0;32m  OK  [0m] Started Set console font and keymap.
[[0;32m  OK  [0m] Created slice system-getty.slice.
[[0;32m  OK  [0m] Started LSB: AppArmor initialization.
[   18.184096] cloud-init[481]: Cloud-init v. 18.3-9-g2e62cb8a-0ubuntu1~16.04.2 running 'init-local' at Sun, 22 Sep 2019 09:13:48 +0000. Up 17.39 seconds.
[[0;32m  OK  [0m] Started Initial cloud-init job (pre-networking).
[[0;32m  OK  [0m] Reached target Network (Pre).
         Starting Raise network interfaces...
[[0;32m  OK  [0m] Started Raise network interfaces.
[[0;32m  OK  [0m] Reached target Network.
         Starting Initial cloud-init job (metadata service crawler)...
[   21.059107] cloud-init[945]: Cloud-init v. 18.3-9-g2e62cb8a-0ubuntu1~16.04.2 running 'init' at Sun, 22 Sep 2019 09:13:50 +0000. Up 19.03 seconds.
[   21.066000] cloud-init[945]: ci-info: ++++++++++++++++++++++++++++++++++++++Net device info+++++++++++++++++++++++++++++++++++++++
[   21.073291] cloud-init[945]: ci-info: +--------+-------+----------------------------+---------------+--------+-------------------+
[   21.076485] cloud-init[945]: ci-info: | Device |   Up  |          Address           |      Mask     | Scope  |     Hw-Address    |
[   21.081910] cloud-init[945]: ci-info: +--------+-------+----------------------------+---------------+--------+-------------------+
[   21.128216] cloud-init[945]: ci-info: | enp0s3 |  True |         10.0.2.15          | 255.255.255.0 | global | 02:1d:76:b3:3c:fe |
[   21.128533] cloud-init[945]: ci-info: | enp0s3 |  True | fe80::1d:76ff:feb3:3cfe/64 |       .       |  link  | 02:1d:76:b3:3c:fe |
[[0;32m  OK  [0m] Started Initial cloud-init job (metadata service crawler).
[   21.128801] cloud-init[945]: ci-info: | enp0s8 | False |             .              |       .       |   .    | 08:00:27:a4:2b:8b |
[   21.160869] cloud-init[945]: ci-info: |   lo   |  True |         127.0.0.1          |   255.0.0.0   |  host  |         .         |
[   21.161235] cloud-init[945]: ci-info: |   lo   |  True |          ::1/128           |       .       |  host  |         .         |
[   21.161471] cloud-init[945]: ci-info: +--------+-------+----------------------------+---------------+--------+-------------------+
[   21.161738] cloud-init[945]: ci-info: +++++++++++++++++++++++++++Route IPv4 info++++++++++++++++++++++++++++
[   21.161966] cloud-init[945]: ci-info: +-------+-------------+----------+---------------+-----------+-------+
[   21.162169] cloud-init[945]: ci-info: | Route | Destination | Gateway  |    Genmask    | Interface | Flags |
[   21.162392] cloud-init[945]: ci-info: +-------+-------------+----------+---------------+-----------+-------+
[   21.162608] cloud-init[945]: ci-info: |   0   |   0.0.0.0   | 10.0.2.2 |    0.0.0.0    |   enp0s3  |   UG  |
[   21.162831] cloud-init[945]: ci-info: |   1   |   10.0.2.0  | 0.0.0.0  | 255.255.255.0 |   enp0s3  |   U   |
[   21.163054] cloud-init[945]: ci-info: +-------+-------------+----------+---------------+-----------+-------+
[   21.163267] cloud-init[945]: ci-info: +++++++++++++++++++Route IPv6 info+++++++++++++++++++
[   21.163738] cloud-init[945]: ci-info: +-------+-------------+---------+-----------+-------+
[   21.164605] cloud-init[945]: ci-info: | Route | Destination | Gateway | Interface | Flags |
[   21.164844] cloud-init[945]: ci-info: +-------+-------------+---------+-----------+-------+
[   21.165050] cloud-init[945]: ci-info: |   0   |  fe80::/64  |    ::   |   enp0s3  |   U   |
[   21.165292] cloud-init[945]: ci-info: |   3   |   ff00::/8  |    ::   |   enp0s3  |   U   |
[   21.165490] cloud-init[945]: ci-info: +-------+-------------+---------+-----------+-------+
[   21.165720] cloud-init[945]: Generating public/private rsa key pair.
[   21.165989] cloud-init[945]: Your identification has been saved in /etc/ssh/ssh_host_rsa_key.
[   21.166210] cloud-init[945]: Your public key has been saved in /etc/ssh/ssh_host_rsa_key.pub.
[   21.166427] cloud-init[945]: The key fingerprint is:
[   21.166648] cloud-init[945]: SHA256:72w4WMu+3caIKtTTDB1+slNHZyzi9ssb+2pjgwgIyX0 root@ubuntu-xenial
[   21.166868] cloud-init[945]: The key's randomart image is:
[   21.167092] cloud-init[945]: +---[RSA 2048]----+
[   21.167308] cloud-init[945]: |             .   |
[   21.167538] cloud-init[945]: |        . . o +  |
[   21.167758] cloud-init[945]: | . o   o o o +   |
[[0;32m  OK  [0m] Reached target Cloud-config availability.[   21.167960] 
cloud-init[945]: |  + . E + = .    |
[   21.168970] cloud-init[945]: |   . + +S* o     |
[   21.377982] cloud-init[945]: |    o + *.  .    |
[[0;32m  OK  [0m] Reached target Network is Online.
[   21.378120] cloud-init[945]: |   .   * *.=..   |
[   21.392364] cloud-init[945]: |    . . B++.Xo   |
[   21.398005] cloud-init[945]: |     ..oo+++=*.  |
[   21.399387] cloud-init[945]: +----[SHA256]-----+
[   21.401095] cloud-init[945]: Generating public/private dsa key pair.
[   21.401493] cloud-init[945]: Your identification has been saved in /etc/ssh/ssh_host_dsa_key.
         Starting iSCSI initiator daemon (iscsid)...
[[   21.401748] cloud-init[945]: Your public key has been saved in /etc/ssh/ssh_host_dsa_key.pub.
[   21.429790] cloud-init[945]: The key fingerprint is:
[   21.429933] cloud-init[945]: SHA256:LUj7b1gUJJ6prVyt8TZD6A1TNQMrWA8qQ2JWUBsJvAc root@ubuntu-xenial
[   21.430122] cloud-init[945]: The key's randomart image is:
[   21.430313] cloud-init[945]: +---[DSA 1024]----+
[   21.430509] cloud-init[945]: | .*==.  +.o.+    |
[   21.430713] cloud-init[945]: | oEo.o = *.o o   |
[   21.430899] cloud-init[945]: |   o+ + = +.     |
[   21.431096] cloud-init[945]: |  . .+ = *.      |
[   21.431288] cloud-init[945]: |   .  + S.+      |
[   21.431481] cloud-init[945]: |     . = X.      |
[   21.431677] cloud-init[945]: |      o +o*      |
[   21.431872] cloud-init[945]: |        .o.o     |
[   21.432122] cloud-init[945]: |         ..      |
[   21.432275] cloud-init[945]: +----[SHA256]-----+
[   21.432468] cloud-init[945]: Generating public/private ecdsa key pair.
[   21.432661] cloud-init[945]: Your identification has been saved in /etc/ssh/ssh_host_ecdsa_key.
[   21.432856] cloud-init[945]: Your public key has been saved in /etc/ssh/ssh_host_ecdsa_key.pub.
[   21.433051] cloud-init[945]: The key fingerprint is:
[   21.433242] cloud-init[945]: SHA256:3HNrVY0P7RTuA9B6mMOFx+J84ln7pgXKCl3XPbzCGas root@ubuntu-xenial
[   21.433439] cloud-init[945]: The key's randomart image is:
[   21.433629] cloud-init[945]: +---[ECDSA 256]---+
[0;32m  OK  [0m] Reached target System Initialization.
[[   21.433838] cloud-init[945]: |           .+  . |
[   21.466052] cloud-init[945]: |           o.=.oo|
[   21.466404] cloud-init[945]: |          + B.o.=|
[   21.466625] cloud-init[945]: |       . . X +=*.|
[   21.466838] cloud-init[945]: |        S +.O+o*+|
[   21.467059] cloud-init[945]: |        . o=++= +|
[   21.467281] cloud-init[945]: |       . . oo=.o |
[   21.467507] cloud-init[945]: |        . ... oo |
[0;32m  OK  [0m] Started Daily Cleanup of Temporary Directories.
[   21.467705] cloud-init[945]: |         . E .o  |
[   21.495928] cloud-init[945]: +----[SHA256]-----+
[   21.496306] cloud-init[945]: Generating public/private ed25519 key pair.
[   21.496493] cloud-init[945]: Your identification has been saved in /etc/ssh/ssh_host_ed25519_key.
[   21.496682] cloud-init[945]: Your public key has been saved in /etc/ssh/ssh_host_ed25519_key.pub.
[   21.496878] cloud-init[945]: The key fingerprint is:
[   21.497079] cloud-init[945]: SHA256:Q93vwMU2NOXEEgFuH5mLV5/jnAAkD9LquivUV+MbMZc root@ubuntu-xenial
[   21.497261] cloud-init[945]: The key's randomart image is:
[   21.497452] cloud-init[945]: +--[ED25519 256]--+
[   21.497645] cloud-init[945]: |       ..o ...==o|
         Starting Socket activation for snappy daemon.
[   21.498126] cloud-init[945]: |        .o=o o.*.|
[   21.558206] cloud-init[945]: |        o .o= O.o|
[   21.558508] cloud-init[945]: |       o = E.* =o|
[[0;32m  OK  [0m] Started ACPI Events Check.
[   21.559284] cloud-init[945]: |    . . S = +.=o.|
[   21.612307] cloud-init[945]: |   . . o +   ++ o|
[   21.612685] cloud-init[945]: |  .   o   o   .+ |
[[0;32m  OK  [0m] Reached target Paths.
[   21.612916] cloud-init[945]: |   . .   .       |
[[   21.617470] cloud-init[945]: |    .oo          |
[   21.617606] cloud-init[945]: +----[SHA256]-----+
[0;32m  OK  [0m] Started Daily apt download activities.
[[0;32m  OK  [0m] Started Daily apt upgrade and clean activities.
[[0;32m  OK  [0m] Listening on ACPID Listen Socket.
[[0;32m  OK  [0m] Listening on D-Bus System Message Bus Socket.
[[0;32m  OK  [0m] Listening on UUID daemon activation socket.
[[0;32m  OK  [0m] Reached target Timers.
         Starting LXD - unix socket.
[[0;32m  OK  [0m] Listening on Socket activation for snappy daemon.
[[0;32m  OK  [0m] Listening on LXD - unix socket.
[[0;32m  OK  [0m] Started iSCSI initiator daemon (iscsid).
         Starting Login to default iSCSI targets...
[[0;32m  OK  [0m] Reached target Sockets.
[[0;32m  OK  [0m] Reached target Basic System.
[[0;32m  OK  [0m] Started Regular background program processing daemon.
[[0;32m  OK  [0m] Started D-Bus System Message Bus.
         Starting LXD - container startup/shutdown...
         Starting Virtualbox guest utils...
         Starting Login Service...
         Starting Accounts Service...
         Starting LSB: MD monitoring daemon...
[[0;32m  OK  [0m] Started ACPI event daemon.
         Starting System Logging Service...
[[0;32m  OK  [0m] Started Deferred execution scheduler.
         Starting Pollinate to seed the pseudo random number generator...
[[0;32m  OK  [0m] Started Unattended Upgrades Shutdown.
[[0;32m  OK  [0m] Started FUSE filesystem for LXC.
         Starting /etc/rc.local Compatibility...
         Starting LSB: Record successful boot for GRUB...
         Starting Snappy daemon...
[[0;32m  OK  [0m] Started /etc/rc.local Compatibility.
[[0;32m  OK  [0m] Started Login Service.
[[0;32m  OK  [0m] Started LSB: Record successful boot for GRUB.
[[0;32m  OK  [0m] Started System Logging Service.
[[0;32m  OK  [0m] Started LSB: MD monitoring daemon.
[[0;32m  OK  [0m] Started Login to default iSCSI targets.
[[0;32m  OK  [0m] Reached target Remote File Systems (Pre).
[[0;32m  OK  [0m] Reached target Remote File Systems.
         Starting LSB: automatic crash report generation...
         Starting Permit User Sessions...
         Starting LSB: daemon to balance interrupts for SMP systems...
         Starting LSB: Set the CPU Frequency Scaling governor to "ondemand"...
[[0;32m  OK  [0m] Started LSB: Set the CPU Frequency Scaling governor to "ondemand".
[[0;32m  OK  [0m] Started Permit User Sessions.
         Starting Terminate Plymouth Boot Screen...
         Starting Hold until boot process finishes up...
[[0;32m  OK  [0m] Started Terminate Plymouth Boot Screen.
[[0;32m  OK  [0m] Started LSB: daemon to balance interrupts for SMP systems.
[[0;32m  OK  [0m] Started Hold until boot process finishes up.
[[0;32m  OK  [0m] Started Getty on tty1.
         Starting Set console scheme...
[[0;32m  OK  [0m] Started Serial Getty on ttyS0.
[[0;32m  OK  [0m] Reached target Login Prompts.
[[0;32m  OK  [0m] Started LSB: automatic crash report generation.
[[0;32m  OK  [0m] Started Set console scheme.
[[0;32m  OK  [0m] Started Virtualbox guest utils.
         Starting Authenticate and Authorize Users to Run Privileged Tasks...
[[0;32m  OK  [0m] Started Authenticate and Authorize Users to Run Privileged Tasks.
[[0;32m  OK  [0m] Started Accounts Service.
[[0;32m  OK  [0m] Started Pollinate to seed the pseudo random number generator.
         Starting OpenBSD Secure Shell server...
[[0;32m  OK  [0m] Started LXD - container startup/shutdown.
[[0;32m  OK  [0m] Started OpenBSD Secure Shell server.
[[0;32m  OK  [0m] Started Snappy daemon.
         Starting Wait until snapd is fully seeded...
[[0;32m  OK  [0m] Created slice User Slice of vagrant.
         Starting User Manager for UID 1000...
[[0;32m  OK  [0m] Started Session 1 of user vagrant.
[[0;32m  OK  [0m] Started User Manager for UID 1000.
[[0;32m  OK  [0m] Started Wait until snapd is fully seeded.
[[0;32m  OK  [0m] Reached target Multi-User System.
[[0;32m  OK  [0m] Reached target Graphical Interface.
         Starting Update UTMP about System Runlevel Changes...
         Starting Apply the settings specified in cloud-config...
[[0;32m  OK  [0m] Started Update UTMP about System Runlevel Changes.
[   27.798449] cloud-init[1291]: Generating locales (this might take a while)...

Ubuntu 16.04.5 LTS ubuntu-xenial ttyS0

ubuntu-xenial login: [   29.376545] cloud-init[1291]:   en_US.UTF-8... done
[   29.378687] cloud-init[1291]: Generation complete.
[   30.740687] cloud-init[1291]: Cloud-init v. 18.3-9-g2e62cb8a-0ubuntu1~16.04.2 running 'modules:config' at Sun, 22 Sep 2019 09:13:58 +0000. Up 27.43 seconds.
ci-info: no authorized ssh keys fingerprints found for user ubuntu.
<14>Sep 22 09:14:02 ec2: 
<14>Sep 22 09:14:02 ec2: #############################################################
<14>Sep 22 09:14:02 ec2: -----BEGIN SSH HOST KEY FINGERPRINTS-----
<14>Sep 22 09:14:02 ec2: 1024 SHA256:LUj7b1gUJJ6prVyt8TZD6A1TNQMrWA8qQ2JWUBsJvAc root@ubuntu-xenial (DSA)
<14>Sep 22 09:14:02 ec2: 256 SHA256:3HNrVY0P7RTuA9B6mMOFx+J84ln7pgXKCl3XPbzCGas root@ubuntu-xenial (ECDSA)
<14>Sep 22 09:14:02 ec2: 256 SHA256:Q93vwMU2NOXEEgFuH5mLV5/jnAAkD9LquivUV+MbMZc root@ubuntu-xenial (ED25519)
<14>Sep 22 09:14:02 ec2: 2048 SHA256:72w4WMu+3caIKtTTDB1+slNHZyzi9ssb+2pjgwgIyX0 root@ubuntu-xenial (RSA)
<14>Sep 22 09:14:02 ec2: -----END SSH HOST KEY FINGERPRINTS-----
<14>Sep 22 09:14:02 ec2: #############################################################
-----BEGIN SSH HOST KEY KEYS-----
ecdsa-sha2-nistp256 AAAAE2VjZHNhLXNoYTItbmlzdHAyNTYAAAAIbmlzdHAyNTYAAABBBP5ANvVhUiD9oUEETF10O9u7RncQsoO55aX05z5Pc+pZKN9NG5b7Dks9dHcwP8gberwl3frlAUHzC6AM6sffNi4= root@ubuntu-xenial
ssh-ed25519 AAAAC3NzaC1lZDI1NTE5AAAAIE+fgW2RBPFoODxolLMR+nqAzxS68ZzGSBCDgOsxBH7z root@ubuntu-xenial
ssh-rsa AAAAB3NzaC1yc2EAAAADAQABAAABAQDQKHG/e1K5zwW4/lji8mbtqVc4LJ6FPyHCDt1mwSpO4Zi0Ya803aYUFbibs5tf02eYbvj7UCFuIJMTNdCQDIySI/3g+SW8AKKkPb3l8/30Tkg0zcTP7U1au4uqiSWHoAW5C2Bg9JcRIUCKOgKZFmFpSUMjpt8Ha7tBqb+ckQGCG5cEtdQoioagrhuTI05k5hAgsxA+kXwzoe+Qi4cQnLSbNbTcSWHdBfKPlaTZTnR6e1VPrx0jQZgwrfPedvUOLXjv43ZpnLrwYAl0gDgct7aQ0MXtOSP4sVQhiBMru8q6aiyZeYfcJ4QRraVhOYUiEsZ/fPMtTzMHfs161Q8rK01h root@ubuntu-xenial
-----END SSH HOST KEY KEYS-----
[   31.569481] cloud-init[1468]: Cloud-init v. 18.3-9-g2e62cb8a-0ubuntu1~16.04.2 running 'modules:final' at Sun, 22 Sep 2019 09:14:02 +0000. Up 31.18 seconds.
[   31.570449] cloud-init[1468]: ci-info: no authorized ssh keys fingerprints found for user ubuntu.
[   31.570727] cloud-init[1468]: Cloud-init v. 18.3-9-g2e62cb8a-0ubuntu1~16.04.2 finished at Sun, 22 Sep 2019 09:14:02 +0000. Datasource DataSourceNoCloud [seed=/dev/sdb][dsmode=net].  Up 31.55 seconds
         Stopping Session 2 of user vagrant.
         Stopping Session 12 of user ubuntu.
         Stopping User Manager for UID 1000...
         Stoppn         Stopping LSB: Set the CPU Frequency Scaling governor to "ondemand"...
[[0;32m  OK  [0m] Stopped Wait until snapd is fully seeded.
         Stopping Snappy daemon...
         Stopping Accounts Service...
         Stopping LSB: MD monitoring daemon...
[[0;32m  OK  [0m] Unmounted /var/lib/lxcfs.
[[0;32m  OK  [0m] Stopped Regular background program processing daemon.
[[0;32m  OK  [0m] Stopped Accounts Service.
[[0;32m  OK  [0m] Stopped ACPI event daemon.
[[0;32m  OK  [0m] Stopped System Logging Service.
[[0;32m  OK  [0m] Stopped Deferred execution scheduler.
[[0;32m  OK  [0m] Stopped Snappy daemon.
[[0;32m  OK  [0m] Stopped Getty on tty1.
[[0;32m  OK  [0m] Stopped Serial Getty on ttyS0.
[[0;32m  OK  [0m] Stopped Authenticate and Authorize Users to Run Privileged Tasks.
[[0;32m  OK  [0m] Stopped OpenBSD Secure Shell server.
[[0;32m  OK  [0m] Stopped User Manager for UID 1000.
[[0;32m  OK  [0m] Stopped Session 2 of user vagrant.
[[0;32m  OK  [0m] Stopped User Manager for UID 1001.
[[0;32m  OK  [0m] Stopped Session 12 of user ubuntu.
[[0;32m  OK  [0m] Stopped Unattended Upgrades Shutdown.
[[0;32m  OK  [0m] Stopped D-Bus System Message Bus.
[[0;32m  OK  [0m] Stopped FUSE filesystem for LXC.
[[0;32m  OK  [0m] Stopped LXD - container startup/shutdown.
[[0;32m  OK  [0m] Stopped LSB: Set the CPU Frequency Scaling governor to "ondemand".
[[0;32m  OK  [0m] Stopped Virtualbox guest utils.
[[0;32m  OK  [0m] Stopped LSB: Record successful boot for GRUB.
[[0;32m  OK  [0m] Stopped LSB: daemon to balance interrupts for SMP systems.
[[0;32m  OK  [0m] Stopped LSB: automatic crash report generation.
[[0;32m  OK  [0m] Stopped LSB: MD monitoring daemon.
[[0;32m  OK  [0m] Removed slice User Slice of ubuntu.
[[0;32m  OK  [0m] Removed slice system-serial\x2dgetty.slice.
[[0;32m  OK  [0m] Removed slice system-getty.slice.
[[0;32m  OK  [0m] Stopped /etc/rc.local Compatibility.
[[0;32m  OK  [0m] Stopped Session 5 of user vagrant.
[[0;32m  OK  [0m] Stopped Session 21 of user vagrant.
[[0;32m  OK  [0m] Removed slice User Slice of vagrant.
         Stopping Login Service...
         Stopping Permit User Sessions...
[[0;32m  OK  [0m] Stopped Permit User Sessions.
[[0;32m  OK  [0m] Stopped target Remote File Systems.
[[0;32m  OK  [0m] Stopped target Remote File Systems (Pre).
         Stopping Login to default iSCSI targets...
[[0;32m  OK  [0m] Stopped Login Service.
[[0;32m  OK  [0m] Stopped target User and Group Name Lookups.
[[0;32m  OK  [0m] Stopped target Basic System.
[[0;32m  OK  [0m] Stopped target Paths.
[[0;32m  OK  [0m] Stopped Dispatch Password Requests to Console Directory Watch.
[[0;32m  OK  [0m] Stopped ACPI Events Check.
[[0;32m  OK  [0m] Stopped Forward Password Requests to Wall Directory Watch.
[[0;32m  OK  [0m] Stopped target Sockets.
[[0;32m  OK  [0m] Closed Socket activation for snappy daemon.
[[0;32m  OK  [0m] Closed D-Bus System Message Bus Socket.
[[0;32m  OK  [0m] Closed LXD - unix socket.
[[0;32m  OK  [0m] Closed ACPID Listen Socket.
[[0;32m  OK  [0m] Closed UUID daemon activation socket.
[[0;32m  OK  [0m] Closed Syslog Socket.
[[0;32m  OK  [0m] Stopped target Slices.
[[0;32m  OK  [0m] Stopped target System Initialization.
[[0;32m  OK  [0m] Stopped Commit a transient machine-id on disk.
[[0;32m  OK  [0m] Stopped target Swap.
[[0;32m  OK  [0m] Stopped target Encrypted Volumes.
         Stopping Update UTMP about System Boot/Shutdown...
         Stopping Load/Save Random Seed...
[[0;32m  OK  [0m] Removed slice User and Session Slice.
[[0;32m  OK  [0m] Stopped Load/Save Random Seed.
[[0;32m  OK  [0m] Stopped Update UTMP about System Boot/Shutdown.
[[0;32m  OK  [0m] Stopped Create Volatile Files and Directories.
[[0;32m  OK  [0m] Stopped Login to default iSCSI targets.
         Stopping iSCSI initiator daemon (iscsid)...
[[0;32m  OK  [0m] Stopped iSCSI initiator daemon (iscsid).
[[0;32m  OK  [0m] Stopped target Network is Online.
[[0;32m  OK  [0m] Stopped Initial cloud-init job (metadata service crawler).
[[0;32m  OK  [0m] Stopped target Network.
         Stopping Raise network interfaces...
[[0;32m  OK  [0m] Stopped Raise network interfaces.
[[0;32m  OK  [0m] Stopped target Network (Pre).
[[0;32m  OK  [0m] Stopped Initial cloud-init job (pre-networking).
[[0;32m  OK  [0m] Stopped Apply Kernel Variables.
[[0;32m  OK  [0m] Stopped Load Kernel Modules.
[[0;32m  OK  [0m] Stopped target Local File Systems.
         Unmounting /vagrant...
         Unmounting /run/user/1000...
         Unmounting /vagrant_data...
         Unmounting /run/user/1001...
[[0;32m  OK  [0m] Unmounted /vagrant.
[[0;32m  OK  [0m] Unmounted /run/user/1000.
[[0;32m  OK  [0m] Unmounted /vagrant_data.
[[0;32m  OK  [0m] Unmounted /run/user/1001.
[[0;32m  OK  [0m] Reached target Unmount All Filesystems.
[[0;32m  OK  [0m] Stopped target Local File Systems (Pre).
[[0;32m  OK  [0m] Stopped Create Static Device Nodes in /dev.
         Stopping Monitoring of LVM2 mirrors... dmeventd or progress polling...
[[0;32m  OK  [0m] Stopped Remount Root and Kernel File Systems.
[[0;32m  OK  [0m] Reached target Shutdown.
[ 7160.784953] reboot: Power down
